# JRE version: OpenJDK Runtime Environment (8.0_242-b01) (build 1.8.0_242-release-1644-b01)
# Java VM: OpenJDK 64-Bit Server VM (25.242-b01 mixed mode windows-amd64 compressed oops)
Heap:
 PSYoungGen      total 138240K, used 13016K [0x00000000f5580000, 0x00000000fff80000, 0x0000000100000000)
  eden space 101888K, 0% used [0x00000000f5580000,0x00000000f5580000,0x00000000fb900000)
  from space 36352K, 35% used [0x00000000fb900000,0x00000000fc5b6360,0x00000000fdc80000)
  to   space 34816K, 0% used [0x00000000fdd80000,0x00000000fdd80000,0x00000000fff80000)
 ParOldGen       total 175104K, used 74395K [0x00000000e0000000, 0x00000000eab00000, 0x00000000f5580000)
  object space 175104K, 42% used [0x00000000e0000000,0x00000000e48a6c80,0x00000000eab00000)
 Metaspace       used 124733K, capacity 129094K, committed 129356K, reserved 1165312K
  class space    used 16356K, capacity 17260K, committed 17268K, reserved 1048576K
GC Heap History (10 events):
Event: 43.318 GC heap after
Heap after GC invocations=25 (full 3):
 PSYoungGen      total 138240K, used 14519K [0x00000000f5580000, 0x00000000ffe00000, 0x0000000100000000)
  eden space 105984K, 0% used [0x00000000f5580000,0x00000000f5580000,0x00000000fbd00000)
  from space 32256K, 45% used [0x00000000fde80000,0x00000000fecadd40,0x00000000ffe00000)
  to   space 33280K, 0% used [0x00000000fbd00000,0x00000000fbd00000,0x00000000fdd80000)
 ParOldGen       total 175104K, used 74554K [0x00000000e0000000, 0x00000000eab00000, 0x00000000f5580000)
  object space 175104K, 42% used [0x00000000e0000000,0x00000000e48cea48,0x00000000eab00000)
 Metaspace       used 90947K, capacity 94992K, committed 95252K, reserved 1132544K
  class space    used 12001K, capacity 12762K, committed 12860K, reserved 1048576K
}
Event: 43.788 GC heap before
{Heap before GC invocations=26 (full 3):
 PSYoungGen      total 138240K, used 45249K [0x00000000f5580000, 0x00000000ffe00000, 0x0000000100000000)
  eden space 105984K, 28% used [0x00000000f5580000,0x00000000f73826f0,0x00000000fbd00000)
  from space 32256K, 45% used [0x00000000fde80000,0x00000000fecadd40,0x00000000ffe00000)
  to   space 33280K, 0% used [0x00000000fbd00000,0x00000000fbd00000,0x00000000fdd80000)
 ParOldGen       total 175104K, used 74554K [0x00000000e0000000, 0x00000000eab00000, 0x00000000f5580000)
  object space 175104K, 42% used [0x00000000e0000000,0x00000000e48cea48,0x00000000eab00000)
 Metaspace       used 94126K, capacity 98252K, committed 98380K, reserved 1134592K
  class space    used 12326K, capacity 13134K, committed 13172K, reserved 1048576K
Event: 43.798 GC heap after
Heap after GC invocations=26 (full 3):
 PSYoungGen      total 139264K, used 3460K [0x00000000f5580000, 0x0000000100000000, 0x0000000100000000)
  eden space 105984K, 0% used [0x00000000f5580000,0x00000000f5580000,0x00000000fbd00000)
  from space 33280K, 10% used [0x00000000fbd00000,0x00000000fc0613d0,0x00000000fdd80000)
  to   space 33792K, 0% used [0x00000000fdf00000,0x00000000fdf00000,0x0000000100000000)
 ParOldGen       total 175104K, used 78561K [0x00000000e0000000, 0x00000000eab00000, 0x00000000f5580000)
  object space 175104K, 44% used [0x00000000e0000000,0x00000000e4cb8438,0x00000000eab00000)
 Metaspace       used 94126K, capacity 98252K, committed 98380K, reserved 1134592K
  class space    used 12326K, capacity 13134K, committed 13172K, reserved 1048576K
}
Event: 43.798 GC heap before
{Heap before GC invocations=27 (full 4):
 PSYoungGen      total 139264K, used 3460K [0x00000000f5580000, 0x0000000100000000, 0x0000000100000000)
  eden space 105984K, 0% used [0x00000000f5580000,0x00000000f5580000,0x00000000fbd00000)
  from space 33280K, 10% used [0x00000000fbd00000,0x00000000fc0613d0,0x00000000fdd80000)
  to   space 33792K, 0% used [0x00000000fdf00000,0x00000000fdf00000,0x0000000100000000)
 ParOldGen       total 175104K, used 78561K [0x00000000e0000000, 0x00000000eab00000, 0x00000000f5580000)
  object space 175104K, 44% used [0x00000000e0000000,0x00000000e4cb8438,0x00000000eab00000)
 Metaspace       used 94126K, capacity 98252K, committed 98380K, reserved 1134592K
  class space    used 12326K, capacity 13134K, committed 13172K, reserved 1048576K
Event: 44.137 GC heap after
Heap after GC invocations=27 (full 4):
 PSYoungGen      total 139264K, used 0K [0x00000000f5580000, 0x0000000100000000, 0x0000000100000000)
  eden space 105984K, 0% used [0x00000000f5580000,0x00000000f5580000,0x00000000fbd00000)
  from space 33280K, 0% used [0x00000000fbd00000,0x00000000fbd00000,0x00000000fdd80000)
  to   space 33792K, 0% used [0x00000000fdf00000,0x00000000fdf00000,0x0000000100000000)
 ParOldGen       total 175104K, used 66469K [0x00000000e0000000, 0x00000000eab00000, 0x00000000f5580000)
  object space 175104K, 37% used [0x00000000e0000000,0x00000000e40e9418,0x00000000eab00000)
 Metaspace       used 94050K, capacity 98036K, committed 98380K, reserved 1134592K
  class space    used 12300K, capacity 13088K, committed 13172K, reserved 1048576K
}
Event: 46.155 GC heap before
{Heap before GC invocations=28 (full 4):
 PSYoungGen      total 139264K, used 105984K [0x00000000f5580000, 0x0000000100000000, 0x0000000100000000)
  eden space 105984K, 100% used [0x00000000f5580000,0x00000000fbd00000,0x00000000fbd00000)
  from space 33280K, 0% used [0x00000000fbd00000,0x00000000fbd00000,0x00000000fdd80000)
  to   space 33792K, 0% used [0x00000000fdf00000,0x00000000fdf00000,0x0000000100000000)
 ParOldGen       total 175104K, used 66469K [0x00000000e0000000, 0x00000000eab00000, 0x00000000f5580000)
  object space 175104K, 37% used [0x00000000e0000000,0x00000000e40e9418,0x00000000eab00000)
 Metaspace       used 114489K, capacity 118759K, committed 119244K, reserved 1153024K
  class space    used 15180K, capacity 16069K, committed 16116K, reserved 1048576K
Event: 46.172 GC heap after
Heap after GC invocations=28 (full 4):
 PSYoungGen      total 135680K, used 26928K [0x00000000f5580000, 0x0000000100000000, 0x0000000100000000)
  eden space 101888K, 0% used [0x00000000f5580000,0x00000000f5580000,0x00000000fb900000)
  from space 33792K, 79% used [0x00000000fdf00000,0x00000000ff94c220,0x0000000100000000)
  to   space 36352K, 0% used [0x00000000fb900000,0x00000000fb900000,0x00000000fdc80000)
 ParOldGen       total 175104K, used 66477K [0x00000000e0000000, 0x00000000eab00000, 0x00000000f5580000)
  object space 175104K, 37% used [0x00000000e0000000,0x00000000e40eb418,0x00000000eab00000)
 Metaspace       used 114489K, capacity 118759K, committed 119244K, reserved 1153024K
  class space    used 15180K, capacity 16069K, committed 16116K, reserved 1048576K
}
Event: 47.592 GC heap before
{Heap before GC invocations=29 (full 4):
 PSYoungGen      total 135680K, used 94831K [0x00000000f5580000, 0x0000000100000000, 0x0000000100000000)
  eden space 101888K, 66% used [0x00000000f5580000,0x00000000f97cfc80,0x00000000fb900000)
  from space 33792K, 79% used [0x00000000fdf00000,0x00000000ff94c220,0x0000000100000000)
  to   space 36352K, 0% used [0x00000000fb900000,0x00000000fb900000,0x00000000fdc80000)
 ParOldGen       total 175104K, used 66477K [0x00000000e0000000, 0x00000000eab00000, 0x00000000f5580000)
  object space 175104K, 37% used [0x00000000e0000000,0x00000000e40eb418,0x00000000eab00000)
 Metaspace       used 124733K, capacity 129094K, committed 129356K, reserved 1165312K
  class space    used 16356K, capacity 17260K, committed 17268K, reserved 1048576K
Event: 47.614 GC heap after
Heap after GC invocations=29 (full 4):
 PSYoungGen      total 138240K, used 13016K [0x00000000f5580000, 0x00000000fff80000, 0x0000000100000000)
  eden space 101888K, 0% used [0x00000000f5580000,0x00000000f5580000,0x00000000fb900000)
  from space 36352K, 35% used [0x00000000fb900000,0x00000000fc5b6360,0x00000000fdc80000)
  to   space 34816K, 0% used [0x00000000fdd80000,0x00000000fdd80000,0x00000000fff80000)
 ParOldGen       total 175104K, used 74395K [0x00000000e0000000, 0x00000000eab00000, 0x00000000f5580000)
  object space 175104K, 42% used [0x00000000e0000000,0x00000000e48a6c80,0x00000000eab00000)
 Metaspace       used 124733K, capacity 129094K, committed 129356K, reserved 1165312K
  class space    used 16356K, capacity 17260K, committed 17268K, reserved 1048576K
}
Event: 47.614 GC heap before
{Heap before GC invocations=30 (full 5):
 PSYoungGen      total 138240K, used 13016K [0x00000000f5580000, 0x00000000fff80000, 0x0000000100000000)
  eden space 101888K, 0% used [0x00000000f5580000,0x00000000f5580000,0x00000000fb900000)
  from space 36352K, 35% used [0x00000000fb900000,0x00000000fc5b6360,0x00000000fdc80000)
  to   space 34816K, 0% used [0x00000000fdd80000,0x00000000fdd80000,0x00000000fff80000)
 ParOldGen       total 175104K, used 74395K [0x00000000e0000000, 0x00000000eab00000, 0x00000000f5580000)
  object space 175104K, 42% used [0x00000000e0000000,0x00000000e48a6c80,0x00000000eab00000)
 Metaspace       used 124733K, capacity 129094K, committed 129356K, reserved 1165312K
  class space    used 16356K, capacity 17260K, committed 17268K, reserved 1048576K

