# JRE version: OpenJDK Runtime Environment (8.0_242-b01) (build 1.8.0_242-release-1644-b01)
# Java VM: OpenJDK 64-Bit Server VM (25.242-b01 mixed mode windows-amd64 compressed oops)
Heap:
 PSYoungGen      total 126976K, used 80985K [0x00000000f5580000, 0x0000000100000000, 0x0000000100000000)
  eden space 79360K, 74% used [0x00000000f5580000,0x00000000f8f56000,0x00000000fa300000)
  from space 47616K, 45% used [0x00000000fa300000,0x00000000fb8404b8,0x00000000fd180000)
  to   space 45568K, 0% used [0x00000000fd380000,0x00000000fd380000,0x0000000100000000)
 ParOldGen       total 259072K, used 136325K [0x00000000e0000000, 0x00000000efd00000, 0x00000000f5580000)
  object space 259072K, 52% used [0x00000000e0000000,0x00000000e8521530,0x00000000efd00000)
 Metaspace       used 126599K, capacity 131886K, committed 132008K, reserved 1163264K
  class space    used 16764K, capacity 17776K, committed 17840K, reserved 1048576K
GC Heap History (10 events):
Event: 21.411 GC heap before
{Heap before GC invocations=19 (full 4):
 PSYoungGen      total 143360K, used 141118K [0x00000000f5580000, 0x0000000100000000, 0x0000000100000000)
  eden space 117248K, 100% used [0x00000000f5580000,0x00000000fc800000,0x00000000fc800000)
  from space 26112K, 91% used [0x00000000fe680000,0x00000000ffdcf9a8,0x0000000100000000)
  to   space 28672K, 0% used [0x00000000fc800000,0x00000000fc800000,0x00000000fe400000)
 ParOldGen       total 259072K, used 57360K [0x00000000e0000000, 0x00000000efd00000, 0x00000000f5580000)
  object space 259072K, 22% used [0x00000000e0000000,0x00000000e3804088,0x00000000efd00000)
 Metaspace       used 122719K, capacity 127684K, committed 127912K, reserved 1159168K
  class space    used 16287K, capacity 17257K, committed 17328K, reserved 1048576K
Event: 21.449 GC heap after
Heap after GC invocations=19 (full 4):
 PSYoungGen      total 141312K, used 23735K [0x00000000f5580000, 0x0000000100000000, 0x0000000100000000)
  eden space 117248K, 0% used [0x00000000f5580000,0x00000000f5580000,0x00000000fc800000)
  from space 24064K, 98% used [0x00000000fc800000,0x00000000fdf2dca8,0x00000000fdf80000)
  to   space 30720K, 0% used [0x00000000fe200000,0x00000000fe200000,0x0000000100000000)
 ParOldGen       total 259072K, used 57368K [0x00000000e0000000, 0x00000000efd00000, 0x00000000f5580000)
  object space 259072K, 22% used [0x00000000e0000000,0x00000000e3806088,0x00000000efd00000)
 Metaspace       used 122719K, capacity 127684K, committed 127912K, reserved 1159168K
  class space    used 16287K, capacity 17257K, committed 17328K, reserved 1048576K
}
Event: 22.834 GC heap before
{Heap before GC invocations=20 (full 4):
 PSYoungGen      total 141312K, used 140085K [0x00000000f5580000, 0x0000000100000000, 0x0000000100000000)
  eden space 117248K, 99% used [0x00000000f5580000,0x00000000fc71fa18,0x00000000fc800000)
  from space 24064K, 98% used [0x00000000fc800000,0x00000000fdf2dca8,0x00000000fdf80000)
  to   space 30720K, 0% used [0x00000000fe200000,0x00000000fe200000,0x0000000100000000)
 ParOldGen       total 259072K, used 58484K [0x00000000e0000000, 0x00000000efd00000, 0x00000000f5580000)
  object space 259072K, 22% used [0x00000000e0000000,0x00000000e391d080,0x00000000efd00000)
 Metaspace       used 126321K, capacity 131564K, committed 131752K, reserved 1163264K
  class space    used 16740K, capacity 17763K, committed 17840K, reserved 1048576K
Event: 22.865 GC heap after
Heap after GC invocations=20 (full 4):
 PSYoungGen      total 134656K, used 30694K [0x00000000f5580000, 0x0000000100000000, 0x0000000100000000)
  eden space 103936K, 0% used [0x00000000f5580000,0x00000000f5580000,0x00000000fbb00000)
  from space 30720K, 99% used [0x00000000fe200000,0x00000000ffff9a08,0x0000000100000000)
  to   space 35328K, 0% used [0x00000000fbb00000,0x00000000fbb00000,0x00000000fdd80000)
 ParOldGen       total 259072K, used 60086K [0x00000000e0000000, 0x00000000efd00000, 0x00000000f5580000)
  object space 259072K, 23% used [0x00000000e0000000,0x00000000e3aadbe0,0x00000000efd00000)
 Metaspace       used 126321K, capacity 131564K, committed 131752K, reserved 1163264K
  class space    used 16740K, capacity 17763K, committed 17840K, reserved 1048576K
}
Event: 23.359 GC heap before
{Heap before GC invocations=21 (full 4):
 PSYoungGen      total 134656K, used 134630K [0x00000000f5580000, 0x0000000100000000, 0x0000000100000000)
  eden space 103936K, 100% used [0x00000000f5580000,0x00000000fbb00000,0x00000000fbb00000)
  from space 30720K, 99% used [0x00000000fe200000,0x00000000ffff9a08,0x0000000100000000)
  to   space 35328K, 0% used [0x00000000fbb00000,0x00000000fbb00000,0x00000000fdd80000)
 ParOldGen       total 259072K, used 62983K [0x00000000e0000000, 0x00000000efd00000, 0x00000000f5580000)
  object space 259072K, 24% used [0x00000000e0000000,0x00000000e3d81d48,0x00000000efd00000)
 Metaspace       used 126377K, capacity 131698K, committed 132008K, reserved 1163264K
  class space    used 16745K, capacity 17764K, committed 17840K, reserved 1048576K
Event: 23.403 GC heap after
Heap after GC invocations=21 (full 4):
 PSYoungGen      total 139264K, used 35300K [0x00000000f5580000, 0x0000000100000000, 0x0000000100000000)
  eden space 103936K, 0% used [0x00000000f5580000,0x00000000f5580000,0x00000000fbb00000)
  from space 35328K, 99% used [0x00000000fbb00000,0x00000000fdd79110,0x00000000fdd80000)
  to   space 35328K, 0% used [0x00000000fdd80000,0x00000000fdd80000,0x0000000100000000)
 ParOldGen       total 259072K, used 82088K [0x00000000e0000000, 0x00000000efd00000, 0x00000000f5580000)
  object space 259072K, 31% used [0x00000000e0000000,0x00000000e502a058,0x00000000efd00000)
 Metaspace       used 126377K, capacity 131698K, committed 132008K, reserved 1163264K
  class space    used 16745K, capacity 17764K, committed 17840K, reserved 1048576K
}
Event: 24.098 GC heap before
{Heap before GC invocations=22 (full 4):
 PSYoungGen      total 139264K, used 139236K [0x00000000f5580000, 0x0000000100000000, 0x0000000100000000)
  eden space 103936K, 100% used [0x00000000f5580000,0x00000000fbb00000,0x00000000fbb00000)
  from space 35328K, 99% used [0x00000000fbb00000,0x00000000fdd79110,0x00000000fdd80000)
  to   space 35328K, 0% used [0x00000000fdd80000,0x00000000fdd80000,0x0000000100000000)
 ParOldGen       total 259072K, used 83000K [0x00000000e0000000, 0x00000000efd00000, 0x00000000f5580000)
  object space 259072K, 32% used [0x00000000e0000000,0x00000000e510e170,0x00000000efd00000)
 Metaspace       used 126434K, capacity 131712K, committed 132008K, reserved 1163264K
  class space    used 16747K, capacity 17769K, committed 17840K, reserved 1048576K
Event: 24.120 GC heap after
Heap after GC invocations=22 (full 4):
 PSYoungGen      total 114688K, used 28669K [0x00000000f5580000, 0x0000000100000000, 0x0000000100000000)
  eden space 79360K, 0% used [0x00000000f5580000,0x00000000f5580000,0x00000000fa300000)
  from space 35328K, 81% used [0x00000000fdd80000,0x00000000ff97f768,0x0000000100000000)
  to   space 47616K, 0% used [0x00000000fa300000,0x00000000fa300000,0x00000000fd180000)
 ParOldGen       total 259072K, used 108393K [0x00000000e0000000, 0x00000000efd00000, 0x00000000f5580000)
  object space 259072K, 41% used [0x00000000e0000000,0x00000000e69da468,0x00000000efd00000)
 Metaspace       used 126434K, capacity 131712K, committed 132008K, reserved 1163264K
  class space    used 16747K, capacity 17769K, committed 17840K, reserved 1048576K
}
Event: 25.971 GC heap before
{Heap before GC invocations=23 (full 4):
 PSYoungGen      total 114688K, used 108029K [0x00000000f5580000, 0x0000000100000000, 0x0000000100000000)
  eden space 79360K, 100% used [0x00000000f5580000,0x00000000fa300000,0x00000000fa300000)
  from space 35328K, 81% used [0x00000000fdd80000,0x00000000ff97f768,0x0000000100000000)
  to   space 47616K, 0% used [0x00000000fa300000,0x00000000fa300000,0x00000000fd180000)
 ParOldGen       total 259072K, used 108555K [0x00000000e0000000, 0x00000000efd00000, 0x00000000f5580000)
  object space 259072K, 41% used [0x00000000e0000000,0x00000000e6a02e68,0x00000000efd00000)
 Metaspace       used 126504K, capacity 131812K, committed 132008K, reserved 1163264K
  class space    used 16753K, capacity 17775K, committed 17840K, reserved 1048576K
Event: 25.997 GC heap after
Heap after GC invocations=23 (full 4):
 PSYoungGen      total 126976K, used 21761K [0x00000000f5580000, 0x0000000100000000, 0x0000000100000000)
  eden space 79360K, 0% used [0x00000000f5580000,0x00000000f5580000,0x00000000fa300000)
  from space 47616K, 45% used [0x00000000fa300000,0x00000000fb8404b8,0x00000000fd180000)
  to   space 45568K, 0% used [0x00000000fd380000,0x00000000fd380000,0x0000000100000000)
 ParOldGen       total 259072K, used 136325K [0x00000000e0000000, 0x00000000efd00000, 0x00000000f5580000)
  object space 259072K, 52% used [0x00000000e0000000,0x00000000e8521530,0x00000000efd00000)
 Metaspace       used 126504K, capacity 131812K, committed 132008K, reserved 1163264K
  class space    used 16753K, capacity 17775K, committed 17840K, reserved 1048576K
}

