# JRE version: OpenJDK Runtime Environment (8.0_242-b01) (build 1.8.0_242-release-1644-b01)
# Java VM: OpenJDK 64-Bit Server VM (25.242-b01 mixed mode windows-amd64 compressed oops)
Heap:
 PSYoungGen      total 146432K, used 34532K [0x00000000f5580000, 0x0000000100000000, 0x0000000100000000)
  eden space 119296K, 28% used [0x00000000f5580000,0x00000000f7739090,0x00000000fca00000)
  from space 27136K, 0% used [0x00000000fca00000,0x00000000fca00000,0x00000000fe480000)
  to   space 28160K, 0% used [0x00000000fe480000,0x00000000fe480000,0x0000000100000000)
 ParOldGen       total 207360K, used 54042K [0x00000000e0000000, 0x00000000eca80000, 0x00000000f5580000)
  object space 207360K, 26% used [0x00000000e0000000,0x00000000e34c6968,0x00000000eca80000)
 Metaspace       used 102298K, capacity 106365K, committed 107176K, reserved 1140736K
  class space    used 14014K, capacity 14872K, committed 15024K, reserved 1048576K
GC Heap History (10 events):
Event: 9.217 GC heap before
{Heap before GC invocations=11 (full 3):
 PSYoungGen      total 145920K, used 15356K [0x00000000f5580000, 0x0000000100000000, 0x0000000100000000)
  eden space 130560K, 0% used [0x00000000f5580000,0x00000000f5580000,0x00000000fd500000)
  from space 15360K, 99% used [0x00000000ff100000,0x00000000fffff300,0x0000000100000000)
  to   space 22016K, 0% used [0x00000000fd500000,0x00000000fd500000,0x00000000fea80000)
 ParOldGen       total 175104K, used 25744K [0x00000000e0000000, 0x00000000eab00000, 0x00000000f5580000)
  object space 175104K, 14% used [0x00000000e0000000,0x00000000e1924040,0x00000000eab00000)
 Metaspace       used 56816K, capacity 59018K, committed 59160K, reserved 1099776K
  class space    used 7770K, capacity 8265K, committed 8368K, reserved 1048576K
Event: 9.438 GC heap after
Heap after GC invocations=11 (full 3):
 PSYoungGen      total 145920K, used 0K [0x00000000f5580000, 0x0000000100000000, 0x0000000100000000)
  eden space 130560K, 0% used [0x00000000f5580000,0x00000000f5580000,0x00000000fd500000)
  from space 15360K, 0% used [0x00000000ff100000,0x00000000ff100000,0x0000000100000000)
  to   space 22016K, 0% used [0x00000000fd500000,0x00000000fd500000,0x00000000fea80000)
 ParOldGen       total 207360K, used 34677K [0x00000000e0000000, 0x00000000eca80000, 0x00000000f5580000)
  object space 207360K, 16% used [0x00000000e0000000,0x00000000e21dd420,0x00000000eca80000)
 Metaspace       used 56745K, capacity 58808K, committed 59160K, reserved 1099776K
  class space    used 7747K, capacity 8226K, committed 8368K, reserved 1048576K
}
Event: 11.883 GC heap before
{Heap before GC invocations=12 (full 3):
 PSYoungGen      total 145920K, used 130560K [0x00000000f5580000, 0x0000000100000000, 0x0000000100000000)
  eden space 130560K, 100% used [0x00000000f5580000,0x00000000fd500000,0x00000000fd500000)
  from space 15360K, 0% used [0x00000000ff100000,0x00000000ff100000,0x0000000100000000)
  to   space 22016K, 0% used [0x00000000fd500000,0x00000000fd500000,0x00000000fea80000)
 ParOldGen       total 207360K, used 34677K [0x00000000e0000000, 0x00000000eca80000, 0x00000000f5580000)
  object space 207360K, 16% used [0x00000000e0000000,0x00000000e21dd420,0x00000000eca80000)
 Metaspace       used 70532K, capacity 74334K, committed 74408K, reserved 1114112K
  class space    used 9880K, capacity 10633K, committed 10672K, reserved 1048576K
Event: 11.896 GC heap after
Heap after GC invocations=12 (full 3):
 PSYoungGen      total 147968K, used 16985K [0x00000000f5580000, 0x0000000100000000, 0x0000000100000000)
  eden space 130560K, 0% used [0x00000000f5580000,0x00000000f5580000,0x00000000fd500000)
  from space 17408K, 97% used [0x00000000fd500000,0x00000000fe5967c8,0x00000000fe600000)
  to   space 23040K, 0% used [0x00000000fe980000,0x00000000fe980000,0x0000000100000000)
 ParOldGen       total 207360K, used 34685K [0x00000000e0000000, 0x00000000eca80000, 0x00000000f5580000)
  object space 207360K, 16% used [0x00000000e0000000,0x00000000e21df420,0x00000000eca80000)
 Metaspace       used 70532K, capacity 74334K, committed 74408K, reserved 1114112K
  class space    used 9880K, capacity 10633K, committed 10672K, reserved 1048576K
}
Event: 13.428 GC heap before
{Heap before GC invocations=13 (full 3):
 PSYoungGen      total 147968K, used 147545K [0x00000000f5580000, 0x0000000100000000, 0x0000000100000000)
  eden space 130560K, 100% used [0x00000000f5580000,0x00000000fd500000,0x00000000fd500000)
  from space 17408K, 97% used [0x00000000fd500000,0x00000000fe5967c8,0x00000000fe600000)
  to   space 23040K, 0% used [0x00000000fe980000,0x00000000fe980000,0x0000000100000000)
 ParOldGen       total 207360K, used 34685K [0x00000000e0000000, 0x00000000eca80000, 0x00000000f5580000)
  object space 207360K, 16% used [0x00000000e0000000,0x00000000e21df420,0x00000000eca80000)
 Metaspace       used 85664K, capacity 90102K, committed 90408K, reserved 1126400K
  class space    used 11627K, capacity 12511K, committed 12592K, reserved 1048576K
Event: 13.449 GC heap after
Heap after GC invocations=13 (full 3):
 PSYoungGen      total 142336K, used 23034K [0x00000000f5580000, 0x0000000100000000, 0x0000000100000000)
  eden space 119296K, 0% used [0x00000000f5580000,0x00000000f5580000,0x00000000fca00000)
  from space 23040K, 99% used [0x00000000fe980000,0x00000000ffffea10,0x0000000100000000)
  to   space 27648K, 0% used [0x00000000fca00000,0x00000000fca00000,0x00000000fe500000)
 ParOldGen       total 207360K, used 39926K [0x00000000e0000000, 0x00000000eca80000, 0x00000000f5580000)
  object space 207360K, 19% used [0x00000000e0000000,0x00000000e26fdb20,0x00000000eca80000)
 Metaspace       used 85664K, capacity 90102K, committed 90408K, reserved 1126400K
  class space    used 11627K, capacity 12511K, committed 12592K, reserved 1048576K
}
Event: 14.069 GC heap before
{Heap before GC invocations=14 (full 3):
 PSYoungGen      total 142336K, used 68217K [0x00000000f5580000, 0x0000000100000000, 0x0000000100000000)
  eden space 119296K, 37% used [0x00000000f5580000,0x00000000f819fa28,0x00000000fca00000)
  from space 23040K, 99% used [0x00000000fe980000,0x00000000ffffea10,0x0000000100000000)
  to   space 27648K, 0% used [0x00000000fca00000,0x00000000fca00000,0x00000000fe500000)
 ParOldGen       total 207360K, used 39926K [0x00000000e0000000, 0x00000000eca80000, 0x00000000f5580000)
  object space 207360K, 19% used [0x00000000e0000000,0x00000000e26fdb20,0x00000000eca80000)
 Metaspace       used 93981K, capacity 98440K, committed 98600K, reserved 1134592K
  class space    used 12919K, capacity 13794K, committed 13872K, reserved 1048576K
Event: 14.089 GC heap after
Heap after GC invocations=14 (full 3):
 PSYoungGen      total 146432K, used 26755K [0x00000000f5580000, 0x0000000100000000, 0x0000000100000000)
  eden space 119296K, 0% used [0x00000000f5580000,0x00000000f5580000,0x00000000fca00000)
  from space 27136K, 98% used [0x00000000fca00000,0x00000000fe420f08,0x00000000fe480000)
  to   space 28160K, 0% used [0x00000000fe480000,0x00000000fe480000,0x0000000100000000)
 ParOldGen       total 207360K, used 39934K [0x00000000e0000000, 0x00000000eca80000, 0x00000000f5580000)
  object space 207360K, 19% used [0x00000000e0000000,0x00000000e26ffb20,0x00000000eca80000)
 Metaspace       used 93981K, capacity 98440K, committed 98600K, reserved 1134592K
  class space    used 12919K, capacity 13794K, committed 13872K, reserved 1048576K
}
Event: 14.089 GC heap before
{Heap before GC invocations=15 (full 4):
 PSYoungGen      total 146432K, used 26755K [0x00000000f5580000, 0x0000000100000000, 0x0000000100000000)
  eden space 119296K, 0% used [0x00000000f5580000,0x00000000f5580000,0x00000000fca00000)
  from space 27136K, 98% used [0x00000000fca00000,0x00000000fe420f08,0x00000000fe480000)
  to   space 28160K, 0% used [0x00000000fe480000,0x00000000fe480000,0x0000000100000000)
 ParOldGen       total 207360K, used 39934K [0x00000000e0000000, 0x00000000eca80000, 0x00000000f5580000)
  object space 207360K, 19% used [0x00000000e0000000,0x00000000e26ffb20,0x00000000eca80000)
 Metaspace       used 93981K, capacity 98440K, committed 98600K, reserved 1134592K
  class space    used 12919K, capacity 13794K, committed 13872K, reserved 1048576K
Event: 14.293 GC heap after
Heap after GC invocations=15 (full 4):
 PSYoungGen      total 146432K, used 0K [0x00000000f5580000, 0x0000000100000000, 0x0000000100000000)
  eden space 119296K, 0% used [0x00000000f5580000,0x00000000f5580000,0x00000000fca00000)
  from space 27136K, 0% used [0x00000000fca00000,0x00000000fca00000,0x00000000fe480000)
  to   space 28160K, 0% used [0x00000000fe480000,0x00000000fe480000,0x0000000100000000)
 ParOldGen       total 207360K, used 54042K [0x00000000e0000000, 0x00000000eca80000, 0x00000000f5580000)
  object space 207360K, 26% used [0x00000000e0000000,0x00000000e34c6968,0x00000000eca80000)
 Metaspace       used 93709K, capacity 97660K, committed 98600K, reserved 1134592K
  class space    used 12827K, capacity 13634K, committed 13872K, reserved 1048576K
}

