# JRE version: OpenJDK Runtime Environment (8.0_242-b01) (build 1.8.0_242-release-1644-b01)
# Java VM: OpenJDK 64-Bit Server VM (25.242-b01 mixed mode windows-amd64 compressed oops)
Heap:
 PSYoungGen      total 161792K, used 35095K [0x00000000f5580000, 0x0000000100000000, 0x0000000100000000)
  eden space 150016K, 16% used [0x00000000f5580000,0x00000000f6da2b68,0x00000000fe800000)
  from space 11776K, 88% used [0x00000000ff480000,0x00000000ffea33c8,0x0000000100000000)
  to   space 12288K, 0% used [0x00000000fe800000,0x00000000fe800000,0x00000000ff400000)
 ParOldGen       total 175104K, used 16563K [0x00000000e0000000, 0x00000000eab00000, 0x00000000f5580000)
  object space 175104K, 9% used [0x00000000e0000000,0x00000000e102cf38,0x00000000eab00000)
 Metaspace       used 44988K, capacity 46560K, committed 46760K, reserved 1089536K
  class space    used 6092K, capacity 6464K, committed 6568K, reserved 1048576K
GC Heap History (10 events):
Event: 5.309 GC heap before
{Heap before GC invocations=6 (full 1):
 PSYoungGen      total 76288K, used 65536K [0x00000000f5580000, 0x00000000fea80000, 0x0000000100000000)
  eden space 65536K, 100% used [0x00000000f5580000,0x00000000f9580000,0x00000000f9580000)
  from space 10752K, 0% used [0x00000000fa000000,0x00000000fa000000,0x00000000faa80000)
  to   space 10752K, 0% used [0x00000000f9580000,0x00000000f9580000,0x00000000fa000000)
 ParOldGen       total 175104K, used 7394K [0x00000000e0000000, 0x00000000eab00000, 0x00000000f5580000)
  object space 175104K, 4% used [0x00000000e0000000,0x00000000e07389e8,0x00000000eab00000)
 Metaspace       used 28071K, capacity 28740K, committed 28976K, reserved 1075200K
  class space    used 3875K, capacity 4103K, committed 4144K, reserved 1048576K
Event: 5.315 GC heap after
Heap after GC invocations=6 (full 1):
 PSYoungGen      total 76288K, used 7981K [0x00000000f5580000, 0x00000000fde80000, 0x0000000100000000)
  eden space 65536K, 0% used [0x00000000f5580000,0x00000000f5580000,0x00000000f9580000)
  from space 10752K, 74% used [0x00000000f9580000,0x00000000f9d4b438,0x00000000fa000000)
  to   space 12288K, 0% used [0x00000000fd280000,0x00000000fd280000,0x00000000fde80000)
 ParOldGen       total 175104K, used 7402K [0x00000000e0000000, 0x00000000eab00000, 0x00000000f5580000)
  object space 175104K, 4% used [0x00000000e0000000,0x00000000e073a9e8,0x00000000eab00000)
 Metaspace       used 28071K, capacity 28740K, committed 28976K, reserved 1075200K
  class space    used 3875K, capacity 4103K, committed 4144K, reserved 1048576K
}
Event: 5.963 GC heap before
{Heap before GC invocations=7 (full 1):
 PSYoungGen      total 76288K, used 73517K [0x00000000f5580000, 0x00000000fde80000, 0x0000000100000000)
  eden space 65536K, 100% used [0x00000000f5580000,0x00000000f9580000,0x00000000f9580000)
  from space 10752K, 74% used [0x00000000f9580000,0x00000000f9d4b438,0x00000000fa000000)
  to   space 12288K, 0% used [0x00000000fd280000,0x00000000fd280000,0x00000000fde80000)
 ParOldGen       total 175104K, used 7402K [0x00000000e0000000, 0x00000000eab00000, 0x00000000f5580000)
  object space 175104K, 4% used [0x00000000e0000000,0x00000000e073a9e8,0x00000000eab00000)
 Metaspace       used 32200K, capacity 33150K, committed 33328K, reserved 1077248K
  class space    used 4364K, capacity 4628K, committed 4656K, reserved 1048576K
Event: 5.977 GC heap after
Heap after GC invocations=7 (full 1):
 PSYoungGen      total 124928K, used 8404K [0x00000000f5580000, 0x00000000fdc80000, 0x0000000100000000)
  eden space 114688K, 0% used [0x00000000f5580000,0x00000000f5580000,0x00000000fc580000)
  from space 10240K, 82% used [0x00000000fd280000,0x00000000fdab51f8,0x00000000fdc80000)
  to   space 11776K, 0% used [0x00000000fc580000,0x00000000fc580000,0x00000000fd100000)
 ParOldGen       total 175104K, used 7410K [0x00000000e0000000, 0x00000000eab00000, 0x00000000f5580000)
  object space 175104K, 4% used [0x00000000e0000000,0x00000000e073c9e8,0x00000000eab00000)
 Metaspace       used 32200K, capacity 33150K, committed 33328K, reserved 1077248K
  class space    used 4364K, capacity 4628K, committed 4656K, reserved 1048576K
}
Event: 6.408 GC heap before
{Heap before GC invocations=8 (full 1):
 PSYoungGen      total 124928K, used 52034K [0x00000000f5580000, 0x00000000fdc80000, 0x0000000100000000)
  eden space 114688K, 38% used [0x00000000f5580000,0x00000000f801b758,0x00000000fc580000)
  from space 10240K, 82% used [0x00000000fd280000,0x00000000fdab51f8,0x00000000fdc80000)
  to   space 11776K, 0% used [0x00000000fc580000,0x00000000fc580000,0x00000000fd100000)
 ParOldGen       total 175104K, used 7410K [0x00000000e0000000, 0x00000000eab00000, 0x00000000f5580000)
  object space 175104K, 4% used [0x00000000e0000000,0x00000000e073c9e8,0x00000000eab00000)
 Metaspace       used 34403K, capacity 35386K, committed 35496K, reserved 1079296K
  class space    used 4684K, capacity 4942K, committed 5032K, reserved 1048576K
Event: 6.428 GC heap after
Heap after GC invocations=8 (full 1):
 PSYoungGen      total 126464K, used 9626K [0x00000000f5580000, 0x0000000100000000, 0x0000000100000000)
  eden space 114688K, 0% used [0x00000000f5580000,0x00000000f5580000,0x00000000fc580000)
  from space 11776K, 81% used [0x00000000fc580000,0x00000000fcee6990,0x00000000fd100000)
  to   space 11776K, 0% used [0x00000000ff480000,0x00000000ff480000,0x0000000100000000)
 ParOldGen       total 175104K, used 7418K [0x00000000e0000000, 0x00000000eab00000, 0x00000000f5580000)
  object space 175104K, 4% used [0x00000000e0000000,0x00000000e073e9e8,0x00000000eab00000)
 Metaspace       used 34403K, capacity 35386K, committed 35496K, reserved 1079296K
  class space    used 4684K, capacity 4942K, committed 5032K, reserved 1048576K
}
Event: 6.428 GC heap before
{Heap before GC invocations=9 (full 2):
 PSYoungGen      total 126464K, used 9626K [0x00000000f5580000, 0x0000000100000000, 0x0000000100000000)
  eden space 114688K, 0% used [0x00000000f5580000,0x00000000f5580000,0x00000000fc580000)
  from space 11776K, 81% used [0x00000000fc580000,0x00000000fcee6990,0x00000000fd100000)
  to   space 11776K, 0% used [0x00000000ff480000,0x00000000ff480000,0x0000000100000000)
 ParOldGen       total 175104K, used 7418K [0x00000000e0000000, 0x00000000eab00000, 0x00000000f5580000)
  object space 175104K, 4% used [0x00000000e0000000,0x00000000e073e9e8,0x00000000eab00000)
 Metaspace       used 34403K, capacity 35386K, committed 35496K, reserved 1079296K
  class space    used 4684K, capacity 4942K, committed 5032K, reserved 1048576K
Event: 6.507 GC heap after
Heap after GC invocations=9 (full 2):
 PSYoungGen      total 126464K, used 0K [0x00000000f5580000, 0x0000000100000000, 0x0000000100000000)
  eden space 114688K, 0% used [0x00000000f5580000,0x00000000f5580000,0x00000000fc580000)
  from space 11776K, 0% used [0x00000000fc580000,0x00000000fc580000,0x00000000fd100000)
  to   space 11776K, 0% used [0x00000000ff480000,0x00000000ff480000,0x0000000100000000)
 ParOldGen       total 175104K, used 16555K [0x00000000e0000000, 0x00000000eab00000, 0x00000000f5580000)
  object space 175104K, 9% used [0x00000000e0000000,0x00000000e102af38,0x00000000eab00000)
 Metaspace       used 34403K, capacity 35386K, committed 35496K, reserved 1079296K
  class space    used 4684K, capacity 4942K, committed 5032K, reserved 1048576K
}
Event: 7.851 GC heap before
{Heap before GC invocations=10 (full 2):
 PSYoungGen      total 126464K, used 114688K [0x00000000f5580000, 0x0000000100000000, 0x0000000100000000)
  eden space 114688K, 100% used [0x00000000f5580000,0x00000000fc580000,0x00000000fc580000)
  from space 11776K, 0% used [0x00000000fc580000,0x00000000fc580000,0x00000000fd100000)
  to   space 11776K, 0% used [0x00000000ff480000,0x00000000ff480000,0x0000000100000000)
 ParOldGen       total 175104K, used 16555K [0x00000000e0000000, 0x00000000eab00000, 0x00000000f5580000)
  object space 175104K, 9% used [0x00000000e0000000,0x00000000e102af38,0x00000000eab00000)
 Metaspace       used 42367K, capacity 43808K, committed 44072K, reserved 1087488K
  class space    used 5746K, capacity 6098K, committed 6184K, reserved 1048576K
Event: 7.871 GC heap after
Heap after GC invocations=10 (full 2):
 PSYoungGen      total 161792K, used 10380K [0x00000000f5580000, 0x0000000100000000, 0x0000000100000000)
  eden space 150016K, 0% used [0x00000000f5580000,0x00000000f5580000,0x00000000fe800000)
  from space 11776K, 88% used [0x00000000ff480000,0x00000000ffea33c8,0x0000000100000000)
  to   space 12288K, 0% used [0x00000000fe800000,0x00000000fe800000,0x00000000ff400000)
 ParOldGen       total 175104K, used 16563K [0x00000000e0000000, 0x00000000eab00000, 0x00000000f5580000)
  object space 175104K, 9% used [0x00000000e0000000,0x00000000e102cf38,0x00000000eab00000)
 Metaspace       used 42367K, capacity 43808K, committed 44072K, reserved 1087488K
  class space    used 5746K, capacity 6098K, committed 6184K, reserved 1048576K
}

