# JRE version: OpenJDK Runtime Environment (8.0_242-b01) (build 1.8.0_242-release-1644-b01)
# Java VM: OpenJDK 64-Bit Server VM (25.242-b01 mixed mode windows-amd64 compressed oops)
Heap:
 PSYoungGen      total 153088K, used 52264K [0x00000000f5580000, 0x0000000100000000, 0x0000000100000000)
  eden space 131584K, 31% used [0x00000000f5580000,0x00000000f7d9d138,0x00000000fd600000)
  from space 21504K, 52% used [0x00000000fd600000,0x00000000fe0ed120,0x00000000feb00000)
  to   space 20992K, 0% used [0x00000000feb80000,0x00000000feb80000,0x0000000100000000)
 ParOldGen       total 207360K, used 32619K [0x00000000e0000000, 0x00000000eca80000, 0x00000000f5580000)
  object space 207360K, 15% used [0x00000000e0000000,0x00000000e1fdae78,0x00000000eca80000)
 Metaspace       used 65525K, capacity 67890K, committed 68120K, reserved 1107968K
  class space    used 8696K, capacity 9223K, committed 9256K, reserved 1048576K
GC Heap History (10 events):
Event: 5.429 GC heap before
{Heap before GC invocations=8 (full 2):
 PSYoungGen      total 160256K, used 9347K [0x00000000f5580000, 0x0000000100000000, 0x0000000100000000)
  eden space 144896K, 0% used [0x00000000f5580000,0x00000000f5580000,0x00000000fe300000)
  from space 15360K, 60% used [0x00000000ff100000,0x00000000ffa20ff0,0x0000000100000000)
  to   space 14336K, 0% used [0x00000000fe300000,0x00000000fe300000,0x00000000ff100000)
 ParOldGen       total 175104K, used 9584K [0x00000000e0000000, 0x00000000eab00000, 0x00000000f5580000)
  object space 175104K, 5% used [0x00000000e0000000,0x00000000e095c3b8,0x00000000eab00000)
 Metaspace       used 34504K, capacity 35380K, committed 35496K, reserved 1079296K
  class space    used 4720K, capacity 4967K, committed 5032K, reserved 1048576K
Event: 5.494 GC heap after
Heap after GC invocations=8 (full 2):
 PSYoungGen      total 160256K, used 0K [0x00000000f5580000, 0x0000000100000000, 0x0000000100000000)
  eden space 144896K, 0% used [0x00000000f5580000,0x00000000f5580000,0x00000000fe300000)
  from space 15360K, 0% used [0x00000000ff100000,0x00000000ff100000,0x0000000100000000)
  to   space 14336K, 0% used [0x00000000fe300000,0x00000000fe300000,0x00000000ff100000)
 ParOldGen       total 175104K, used 15677K [0x00000000e0000000, 0x00000000eab00000, 0x00000000f5580000)
  object space 175104K, 8% used [0x00000000e0000000,0x00000000e0f4f580,0x00000000eab00000)
 Metaspace       used 34504K, capacity 35380K, committed 35496K, reserved 1079296K
  class space    used 4720K, capacity 4967K, committed 5032K, reserved 1048576K
}
Event: 8.044 GC heap before
{Heap before GC invocations=9 (full 2):
 PSYoungGen      total 160256K, used 144896K [0x00000000f5580000, 0x0000000100000000, 0x0000000100000000)
  eden space 144896K, 100% used [0x00000000f5580000,0x00000000fe300000,0x00000000fe300000)
  from space 15360K, 0% used [0x00000000ff100000,0x00000000ff100000,0x0000000100000000)
  to   space 14336K, 0% used [0x00000000fe300000,0x00000000fe300000,0x00000000ff100000)
 ParOldGen       total 175104K, used 15677K [0x00000000e0000000, 0x00000000eab00000, 0x00000000f5580000)
  object space 175104K, 8% used [0x00000000e0000000,0x00000000e0f4f580,0x00000000eab00000)
 Metaspace       used 48388K, capacity 49724K, committed 50088K, reserved 1093632K
  class space    used 6428K, capacity 6739K, committed 6824K, reserved 1048576K
Event: 8.074 GC heap after
Heap after GC invocations=9 (full 2):
 PSYoungGen      total 159232K, used 14321K [0x00000000f5580000, 0x0000000100000000, 0x0000000100000000)
  eden space 144896K, 0% used [0x00000000f5580000,0x00000000f5580000,0x00000000fe300000)
  from space 14336K, 99% used [0x00000000fe300000,0x00000000ff0fc6b0,0x00000000ff100000)
  to   space 15360K, 0% used [0x00000000ff100000,0x00000000ff100000,0x0000000100000000)
 ParOldGen       total 175104K, used 20340K [0x00000000e0000000, 0x00000000eab00000, 0x00000000f5580000)
  object space 175104K, 11% used [0x00000000e0000000,0x00000000e13dd210,0x00000000eab00000)
 Metaspace       used 48388K, capacity 49724K, committed 50088K, reserved 1093632K
  class space    used 6428K, capacity 6739K, committed 6824K, reserved 1048576K
}
Event: 10.853 GC heap before
{Heap before GC invocations=10 (full 2):
 PSYoungGen      total 159232K, used 115035K [0x00000000f5580000, 0x0000000100000000, 0x0000000100000000)
  eden space 144896K, 69% used [0x00000000f5580000,0x00000000fb7da8a8,0x00000000fe300000)
  from space 14336K, 99% used [0x00000000fe300000,0x00000000ff0fc6b0,0x00000000ff100000)
  to   space 15360K, 0% used [0x00000000ff100000,0x00000000ff100000,0x0000000100000000)
 ParOldGen       total 175104K, used 20340K [0x00000000e0000000, 0x00000000eab00000, 0x00000000f5580000)
  object space 175104K, 11% used [0x00000000e0000000,0x00000000e13dd210,0x00000000eab00000)
 Metaspace       used 57106K, capacity 59070K, committed 59160K, reserved 1099776K
  class space    used 7707K, capacity 8189K, committed 8232K, reserved 1048576K
Event: 10.872 GC heap after
Heap after GC invocations=10 (full 2):
 PSYoungGen      total 146944K, used 15342K [0x00000000f5580000, 0x0000000100000000, 0x0000000100000000)
  eden space 131584K, 0% used [0x00000000f5580000,0x00000000f5580000,0x00000000fd600000)
  from space 15360K, 99% used [0x00000000ff100000,0x00000000ffffb858,0x0000000100000000)
  to   space 21504K, 0% used [0x00000000fd600000,0x00000000fd600000,0x00000000feb00000)
 ParOldGen       total 175104K, used 25368K [0x00000000e0000000, 0x00000000eab00000, 0x00000000f5580000)
  object space 175104K, 14% used [0x00000000e0000000,0x00000000e18c61b8,0x00000000eab00000)
 Metaspace       used 57106K, capacity 59070K, committed 59160K, reserved 1099776K
  class space    used 7707K, capacity 8189K, committed 8232K, reserved 1048576K
}
Event: 10.872 GC heap before
{Heap before GC invocations=11 (full 3):
 PSYoungGen      total 146944K, used 15342K [0x00000000f5580000, 0x0000000100000000, 0x0000000100000000)
  eden space 131584K, 0% used [0x00000000f5580000,0x00000000f5580000,0x00000000fd600000)
  from space 15360K, 99% used [0x00000000ff100000,0x00000000ffffb858,0x0000000100000000)
  to   space 21504K, 0% used [0x00000000fd600000,0x00000000fd600000,0x00000000feb00000)
 ParOldGen       total 175104K, used 25368K [0x00000000e0000000, 0x00000000eab00000, 0x00000000f5580000)
  object space 175104K, 14% used [0x00000000e0000000,0x00000000e18c61b8,0x00000000eab00000)
 Metaspace       used 57106K, capacity 59070K, committed 59160K, reserved 1099776K
  class space    used 7707K, capacity 8189K, committed 8232K, reserved 1048576K
Event: 11.089 GC heap after
Heap after GC invocations=11 (full 3):
 PSYoungGen      total 146944K, used 0K [0x00000000f5580000, 0x0000000100000000, 0x0000000100000000)
  eden space 131584K, 0% used [0x00000000f5580000,0x00000000f5580000,0x00000000fd600000)
  from space 15360K, 0% used [0x00000000ff100000,0x00000000ff100000,0x0000000100000000)
  to   space 21504K, 0% used [0x00000000fd600000,0x00000000fd600000,0x00000000feb00000)
 ParOldGen       total 207360K, used 32611K [0x00000000e0000000, 0x00000000eca80000, 0x00000000f5580000)
  object space 207360K, 15% used [0x00000000e0000000,0x00000000e1fd8e78,0x00000000eca80000)
 Metaspace       used 57063K, capacity 58922K, committed 59160K, reserved 1099776K
  class space    used 7695K, capacity 8171K, committed 8232K, reserved 1048576K
}
Event: 12.880 GC heap before
{Heap before GC invocations=12 (full 3):
 PSYoungGen      total 146944K, used 131584K [0x00000000f5580000, 0x0000000100000000, 0x0000000100000000)
  eden space 131584K, 100% used [0x00000000f5580000,0x00000000fd600000,0x00000000fd600000)
  from space 15360K, 0% used [0x00000000ff100000,0x00000000ff100000,0x0000000100000000)
  to   space 21504K, 0% used [0x00000000fd600000,0x00000000fd600000,0x00000000feb00000)
 ParOldGen       total 207360K, used 32611K [0x00000000e0000000, 0x00000000eca80000, 0x00000000f5580000)
  object space 207360K, 15% used [0x00000000e0000000,0x00000000e1fd8e78,0x00000000eca80000)
 Metaspace       used 64372K, capacity 66634K, committed 66968K, reserved 1107968K
  class space    used 8549K, capacity 9035K, committed 9128K, reserved 1048576K
Event: 12.893 GC heap after
Heap after GC invocations=12 (full 3):
 PSYoungGen      total 153088K, used 11188K [0x00000000f5580000, 0x0000000100000000, 0x0000000100000000)
  eden space 131584K, 0% used [0x00000000f5580000,0x00000000f5580000,0x00000000fd600000)
  from space 21504K, 52% used [0x00000000fd600000,0x00000000fe0ed120,0x00000000feb00000)
  to   space 20992K, 0% used [0x00000000feb80000,0x00000000feb80000,0x0000000100000000)
 ParOldGen       total 207360K, used 32619K [0x00000000e0000000, 0x00000000eca80000, 0x00000000f5580000)
  object space 207360K, 15% used [0x00000000e0000000,0x00000000e1fdae78,0x00000000eca80000)
 Metaspace       used 64372K, capacity 66634K, committed 66968K, reserved 1107968K
  class space    used 8549K, capacity 9035K, committed 9128K, reserved 1048576K
}

