# JRE version: OpenJDK Runtime Environment (8.0_242-b01) (build 1.8.0_242-release-1644-b01)
# Java VM: OpenJDK 64-Bit Server VM (25.242-b01 mixed mode windows-amd64 compressed oops)
Heap:
 PSYoungGen      total 153600K, used 41488K [0x00000000f5580000, 0x0000000100000000, 0x0000000100000000)
  eden space 131584K, 22% used [0x00000000f5580000,0x00000000f71edd50,0x00000000fd600000)
  from space 22016K, 56% used [0x00000000fea80000,0x00000000ff6964a8,0x0000000100000000)
  to   space 20992K, 0% used [0x00000000fd600000,0x00000000fd600000,0x00000000fea80000)
 ParOldGen       total 180736K, used 30243K [0x00000000e0000000, 0x00000000eb080000, 0x00000000f5580000)
  object space 180736K, 16% used [0x00000000e0000000,0x00000000e1d88fc0,0x00000000eb080000)
 Metaspace       used 66176K, capacity 68500K, committed 68632K, reserved 1107968K
  class space    used 9137K, capacity 9656K, committed 9768K, reserved 1048576K
GC Heap History (10 events):
Event: 7.107 GC heap before
{Heap before GC invocations=9 (full 2):
 PSYoungGen      total 160256K, used 144896K [0x00000000f5580000, 0x0000000100000000, 0x0000000100000000)
  eden space 144896K, 100% used [0x00000000f5580000,0x00000000fe300000,0x00000000fe300000)
  from space 15360K, 0% used [0x00000000ff100000,0x00000000ff100000,0x0000000100000000)
  to   space 14336K, 0% used [0x00000000fe300000,0x00000000fe300000,0x00000000ff100000)
 ParOldGen       total 175104K, used 16753K [0x00000000e0000000, 0x00000000eab00000, 0x00000000f5580000)
  object space 175104K, 9% used [0x00000000e0000000,0x00000000e105c628,0x00000000eab00000)
 Metaspace       used 45001K, capacity 46624K, committed 46888K, reserved 1089536K
  class space    used 6091K, capacity 6438K, committed 6440K, reserved 1048576K
Event: 7.128 GC heap after
Heap after GC invocations=9 (full 2):
 PSYoungGen      total 159232K, used 14335K [0x00000000f5580000, 0x0000000100000000, 0x0000000100000000)
  eden space 144896K, 0% used [0x00000000f5580000,0x00000000f5580000,0x00000000fe300000)
  from space 14336K, 99% used [0x00000000fe300000,0x00000000ff0ffff8,0x00000000ff100000)
  to   space 15360K, 0% used [0x00000000ff100000,0x00000000ff100000,0x0000000100000000)
 ParOldGen       total 175104K, used 18425K [0x00000000e0000000, 0x00000000eab00000, 0x00000000f5580000)
  object space 175104K, 10% used [0x00000000e0000000,0x00000000e11fe5b0,0x00000000eab00000)
 Metaspace       used 45001K, capacity 46624K, committed 46888K, reserved 1089536K
  class space    used 6091K, capacity 6438K, committed 6440K, reserved 1048576K
}
Event: 8.795 GC heap before
{Heap before GC invocations=10 (full 2):
 PSYoungGen      total 159232K, used 159231K [0x00000000f5580000, 0x0000000100000000, 0x0000000100000000)
  eden space 144896K, 100% used [0x00000000f5580000,0x00000000fe300000,0x00000000fe300000)
  from space 14336K, 99% used [0x00000000fe300000,0x00000000ff0ffff8,0x00000000ff100000)
  to   space 15360K, 0% used [0x00000000ff100000,0x00000000ff100000,0x0000000100000000)
 ParOldGen       total 175104K, used 18425K [0x00000000e0000000, 0x00000000eab00000, 0x00000000f5580000)
  object space 175104K, 10% used [0x00000000e0000000,0x00000000e11fe5b0,0x00000000eab00000)
 Metaspace       used 55964K, capacity 57950K, committed 58152K, reserved 1099776K
  class space    used 7632K, capacity 8115K, committed 8232K, reserved 1048576K
Event: 8.819 GC heap after
Heap after GC invocations=10 (full 2):
 PSYoungGen      total 146944K, used 15330K [0x00000000f5580000, 0x0000000100000000, 0x0000000100000000)
  eden space 131584K, 0% used [0x00000000f5580000,0x00000000f5580000,0x00000000fd600000)
  from space 15360K, 99% used [0x00000000ff100000,0x00000000ffff8890,0x0000000100000000)
  to   space 21504K, 0% used [0x00000000fd600000,0x00000000fd600000,0x00000000feb00000)
 ParOldGen       total 175104K, used 25285K [0x00000000e0000000, 0x00000000eab00000, 0x00000000f5580000)
  object space 175104K, 14% used [0x00000000e0000000,0x00000000e18b15d0,0x00000000eab00000)
 Metaspace       used 55964K, capacity 57950K, committed 58152K, reserved 1099776K
  class space    used 7632K, capacity 8115K, committed 8232K, reserved 1048576K
}
Event: 8.977 GC heap before
{Heap before GC invocations=11 (full 2):
 PSYoungGen      total 146944K, used 32866K [0x00000000f5580000, 0x0000000100000000, 0x0000000100000000)
  eden space 131584K, 13% used [0x00000000f5580000,0x00000000f66a0068,0x00000000fd600000)
  from space 15360K, 99% used [0x00000000ff100000,0x00000000ffff8890,0x0000000100000000)
  to   space 21504K, 0% used [0x00000000fd600000,0x00000000fd600000,0x00000000feb00000)
 ParOldGen       total 175104K, used 25285K [0x00000000e0000000, 0x00000000eab00000, 0x00000000f5580000)
  object space 175104K, 14% used [0x00000000e0000000,0x00000000e18b15d0,0x00000000eab00000)
 Metaspace       used 57006K, capacity 59008K, committed 59160K, reserved 1099776K
  class space    used 7759K, capacity 8212K, committed 8232K, reserved 1048576K
Event: 8.991 GC heap after
Heap after GC invocations=11 (full 2):
 PSYoungGen      total 147456K, used 15850K [0x00000000f5580000, 0x0000000100000000, 0x0000000100000000)
  eden space 131584K, 0% used [0x00000000f5580000,0x00000000f5580000,0x00000000fd600000)
  from space 15872K, 99% used [0x00000000fd600000,0x00000000fe57aa68,0x00000000fe580000)
  to   space 22016K, 0% used [0x00000000fea80000,0x00000000fea80000,0x0000000100000000)
 ParOldGen       total 175104K, used 25293K [0x00000000e0000000, 0x00000000eab00000, 0x00000000f5580000)
  object space 175104K, 14% used [0x00000000e0000000,0x00000000e18b35d0,0x00000000eab00000)
 Metaspace       used 57006K, capacity 59008K, committed 59160K, reserved 1099776K
  class space    used 7759K, capacity 8212K, committed 8232K, reserved 1048576K
}
Event: 8.991 GC heap before
{Heap before GC invocations=12 (full 3):
 PSYoungGen      total 147456K, used 15850K [0x00000000f5580000, 0x0000000100000000, 0x0000000100000000)
  eden space 131584K, 0% used [0x00000000f5580000,0x00000000f5580000,0x00000000fd600000)
  from space 15872K, 99% used [0x00000000fd600000,0x00000000fe57aa68,0x00000000fe580000)
  to   space 22016K, 0% used [0x00000000fea80000,0x00000000fea80000,0x0000000100000000)
 ParOldGen       total 175104K, used 25293K [0x00000000e0000000, 0x00000000eab00000, 0x00000000f5580000)
  object space 175104K, 14% used [0x00000000e0000000,0x00000000e18b35d0,0x00000000eab00000)
 Metaspace       used 57006K, capacity 59008K, committed 59160K, reserved 1099776K
  class space    used 7759K, capacity 8212K, committed 8232K, reserved 1048576K
Event: 9.228 GC heap after
Heap after GC invocations=12 (full 3):
 PSYoungGen      total 147456K, used 0K [0x00000000f5580000, 0x0000000100000000, 0x0000000100000000)
  eden space 131584K, 0% used [0x00000000f5580000,0x00000000f5580000,0x00000000fd600000)
  from space 15872K, 0% used [0x00000000fd600000,0x00000000fd600000,0x00000000fe580000)
  to   space 22016K, 0% used [0x00000000fea80000,0x00000000fea80000,0x0000000100000000)
 ParOldGen       total 180736K, used 30243K [0x00000000e0000000, 0x00000000eb080000, 0x00000000f5580000)
  object space 180736K, 16% used [0x00000000e0000000,0x00000000e1d88fc0,0x00000000eb080000)
 Metaspace       used 56992K, capacity 58960K, committed 59160K, reserved 1099776K
  class space    used 7754K, capacity 8204K, committed 8232K, reserved 1048576K
}
Event: 10.689 GC heap before
{Heap before GC invocations=13 (full 3):
 PSYoungGen      total 147456K, used 131584K [0x00000000f5580000, 0x0000000100000000, 0x0000000100000000)
  eden space 131584K, 100% used [0x00000000f5580000,0x00000000fd600000,0x00000000fd600000)
  from space 15872K, 0% used [0x00000000fd600000,0x00000000fd600000,0x00000000fe580000)
  to   space 22016K, 0% used [0x00000000fea80000,0x00000000fea80000,0x0000000100000000)
 ParOldGen       total 180736K, used 30243K [0x00000000e0000000, 0x00000000eb080000, 0x00000000f5580000)
  object space 180736K, 16% used [0x00000000e0000000,0x00000000e1d88fc0,0x00000000eb080000)
 Metaspace       used 63638K, capacity 65978K, committed 66200K, reserved 1105920K
  class space    used 8750K, capacity 9281K, committed 9384K, reserved 1048576K
Event: 10.709 GC heap after
Heap after GC invocations=13 (full 3):
 PSYoungGen      total 153600K, used 12377K [0x00000000f5580000, 0x0000000100000000, 0x0000000100000000)
  eden space 131584K, 0% used [0x00000000f5580000,0x00000000f5580000,0x00000000fd600000)
  from space 22016K, 56% used [0x00000000fea80000,0x00000000ff6964a8,0x0000000100000000)
  to   space 20992K, 0% used [0x00000000fd600000,0x00000000fd600000,0x00000000fea80000)
 ParOldGen       total 180736K, used 30243K [0x00000000e0000000, 0x00000000eb080000, 0x00000000f5580000)
  object space 180736K, 16% used [0x00000000e0000000,0x00000000e1d88fc0,0x00000000eb080000)
 Metaspace       used 63638K, capacity 65978K, committed 66200K, reserved 1105920K
  class space    used 8750K, capacity 9281K, committed 9384K, reserved 1048576K
}

