# JRE version: OpenJDK Runtime Environment (8.0_242-b01) (build 1.8.0_242-release-1644-b01)
# Java VM: OpenJDK 64-Bit Server VM (25.242-b01 mixed mode windows-amd64 compressed oops)
Heap:
 PSYoungGen      total 147968K, used 23489K [0x00000000f5580000, 0x0000000100000000, 0x0000000100000000)
  eden space 125440K, 18% used [0x00000000f5580000,0x00000000f6c70690,0x00000000fd000000)
  from space 22528K, 0% used [0x00000000fd000000,0x00000000fd000000,0x00000000fe600000)
  to   space 26624K, 0% used [0x00000000fe600000,0x00000000fe600000,0x0000000100000000)
 ParOldGen       total 248832K, used 61379K [0x00000000e0000000, 0x00000000ef300000, 0x00000000f5580000)
  object space 248832K, 24% used [0x00000000e0000000,0x00000000e3bf0e10,0x00000000ef300000)
 Metaspace       used 98273K, capacity 102216K, committed 102680K, reserved 1138688K
  class space    used 13115K, capacity 13957K, committed 14120K, reserved 1048576K
GC Heap History (10 events):
Event: 14.646 GC heap before
{Heap before GC invocations=13 (full 3):
 PSYoungGen      total 147968K, used 131584K [0x00000000f5580000, 0x0000000100000000, 0x0000000100000000)
  eden space 131584K, 100% used [0x00000000f5580000,0x00000000fd600000,0x00000000fd600000)
  from space 16384K, 0% used [0x00000000fd600000,0x00000000fd600000,0x00000000fe600000)
  to   space 22016K, 0% used [0x00000000fea80000,0x00000000fea80000,0x0000000100000000)
 ParOldGen       total 175104K, used 30296K [0x00000000e0000000, 0x00000000eab00000, 0x00000000f5580000)
  object space 175104K, 17% used [0x00000000e0000000,0x00000000e1d961e0,0x00000000eab00000)
 Metaspace       used 64156K, capacity 66484K, committed 66840K, reserved 1105920K
  class space    used 8884K, capacity 9394K, committed 9512K, reserved 1048576K
Event: 14.674 GC heap after
Heap after GC invocations=13 (full 3):
 PSYoungGen      total 153600K, used 11649K [0x00000000f5580000, 0x0000000100000000, 0x0000000100000000)
  eden space 131584K, 0% used [0x00000000f5580000,0x00000000f5580000,0x00000000fd600000)
  from space 22016K, 52% used [0x00000000fea80000,0x00000000ff5e0410,0x0000000100000000)
  to   space 20992K, 0% used [0x00000000fd600000,0x00000000fd600000,0x00000000fea80000)
 ParOldGen       total 175104K, used 30304K [0x00000000e0000000, 0x00000000eab00000, 0x00000000f5580000)
  object space 175104K, 17% used [0x00000000e0000000,0x00000000e1d981e0,0x00000000eab00000)
 Metaspace       used 64156K, capacity 66484K, committed 66840K, reserved 1105920K
  class space    used 8884K, capacity 9394K, committed 9512K, reserved 1048576K
}
Event: 34.427 GC heap before
{Heap before GC invocations=14 (full 3):
 PSYoungGen      total 153600K, used 143233K [0x00000000f5580000, 0x0000000100000000, 0x0000000100000000)
  eden space 131584K, 100% used [0x00000000f5580000,0x00000000fd600000,0x00000000fd600000)
  from space 22016K, 52% used [0x00000000fea80000,0x00000000ff5e0410,0x0000000100000000)
  to   space 20992K, 0% used [0x00000000fd600000,0x00000000fd600000,0x00000000fea80000)
 ParOldGen       total 175104K, used 30304K [0x00000000e0000000, 0x00000000eab00000, 0x00000000f5580000)
  object space 175104K, 17% used [0x00000000e0000000,0x00000000e1d981e0,0x00000000eab00000)
 Metaspace       used 73510K, capacity 76756K, committed 76952K, reserved 1116160K
  class space    used 9902K, capacity 10595K, committed 10664K, reserved 1048576K
Event: 34.474 GC heap after
Heap after GC invocations=14 (full 3):
 PSYoungGen      total 152576K, used 20985K [0x00000000f5580000, 0x0000000100000000, 0x0000000100000000)
  eden space 131584K, 0% used [0x00000000f5580000,0x00000000f5580000,0x00000000fd600000)
  from space 20992K, 99% used [0x00000000fd600000,0x00000000fea7e678,0x00000000fea80000)
  to   space 22016K, 0% used [0x00000000fea80000,0x00000000fea80000,0x0000000100000000)
 ParOldGen       total 175104K, used 31067K [0x00000000e0000000, 0x00000000eab00000, 0x00000000f5580000)
  object space 175104K, 17% used [0x00000000e0000000,0x00000000e1e56da0,0x00000000eab00000)
 Metaspace       used 73510K, capacity 76756K, committed 76952K, reserved 1116160K
  class space    used 9902K, capacity 10595K, committed 10664K, reserved 1048576K
}
Event: 36.297 GC heap before
{Heap before GC invocations=15 (full 3):
 PSYoungGen      total 152576K, used 152466K [0x00000000f5580000, 0x0000000100000000, 0x0000000100000000)
  eden space 131584K, 99% used [0x00000000f5580000,0x00000000fd5e62f0,0x00000000fd600000)
  from space 20992K, 99% used [0x00000000fd600000,0x00000000fea7e678,0x00000000fea80000)
  to   space 22016K, 0% used [0x00000000fea80000,0x00000000fea80000,0x0000000100000000)
 ParOldGen       total 175104K, used 31067K [0x00000000e0000000, 0x00000000eab00000, 0x00000000f5580000)
  object space 175104K, 17% used [0x00000000e0000000,0x00000000e1e56da0,0x00000000eab00000)
 Metaspace       used 84077K, capacity 88106K, committed 88344K, reserved 1126400K
  class space    used 11154K, capacity 12002K, committed 12072K, reserved 1048576K
Event: 36.324 GC heap after
Heap after GC invocations=15 (full 3):
 PSYoungGen      total 147456K, used 17791K [0x00000000f5580000, 0x0000000100000000, 0x0000000100000000)
  eden space 125440K, 0% used [0x00000000f5580000,0x00000000f5580000,0x00000000fd000000)
  from space 22016K, 80% used [0x00000000fea80000,0x00000000ffbdfe70,0x0000000100000000)
  to   space 24576K, 0% used [0x00000000fd000000,0x00000000fd000000,0x00000000fe800000)
 ParOldGen       total 175104K, used 46588K [0x00000000e0000000, 0x00000000eab00000, 0x00000000f5580000)
  object space 175104K, 26% used [0x00000000e0000000,0x00000000e2d7f038,0x00000000eab00000)
 Metaspace       used 84077K, capacity 88106K, committed 88344K, reserved 1126400K
  class space    used 11154K, capacity 12002K, committed 12072K, reserved 1048576K
}
Event: 37.182 GC heap before
{Heap before GC invocations=16 (full 3):
 PSYoungGen      total 147456K, used 76720K [0x00000000f5580000, 0x0000000100000000, 0x0000000100000000)
  eden space 125440K, 46% used [0x00000000f5580000,0x00000000f8f0c350,0x00000000fd000000)
  from space 22016K, 80% used [0x00000000fea80000,0x00000000ffbdfe70,0x0000000100000000)
  to   space 24576K, 0% used [0x00000000fd000000,0x00000000fd000000,0x00000000fe800000)
 ParOldGen       total 175104K, used 46588K [0x00000000e0000000, 0x00000000eab00000, 0x00000000f5580000)
  object space 175104K, 26% used [0x00000000e0000000,0x00000000e2d7f038,0x00000000eab00000)
 Metaspace       used 94337K, capacity 98362K, committed 98584K, reserved 1134592K
  class space    used 12370K, capacity 13240K, committed 13352K, reserved 1048576K
Event: 37.198 GC heap after
Heap after GC invocations=16 (full 3):
 PSYoungGen      total 147968K, used 22327K [0x00000000f5580000, 0x0000000100000000, 0x0000000100000000)
  eden space 125440K, 0% used [0x00000000f5580000,0x00000000f5580000,0x00000000fd000000)
  from space 22528K, 99% used [0x00000000fd000000,0x00000000fe5cdff0,0x00000000fe600000)
  to   space 26624K, 0% used [0x00000000fe600000,0x00000000fe600000,0x0000000100000000)
 ParOldGen       total 175104K, used 46596K [0x00000000e0000000, 0x00000000eab00000, 0x00000000f5580000)
  object space 175104K, 26% used [0x00000000e0000000,0x00000000e2d81038,0x00000000eab00000)
 Metaspace       used 94337K, capacity 98362K, committed 98584K, reserved 1134592K
  class space    used 12370K, capacity 13240K, committed 13352K, reserved 1048576K
}
Event: 37.198 GC heap before
{Heap before GC invocations=17 (full 4):
 PSYoungGen      total 147968K, used 22327K [0x00000000f5580000, 0x0000000100000000, 0x0000000100000000)
  eden space 125440K, 0% used [0x00000000f5580000,0x00000000f5580000,0x00000000fd000000)
  from space 22528K, 99% used [0x00000000fd000000,0x00000000fe5cdff0,0x00000000fe600000)
  to   space 26624K, 0% used [0x00000000fe600000,0x00000000fe600000,0x0000000100000000)
 ParOldGen       total 175104K, used 46596K [0x00000000e0000000, 0x00000000eab00000, 0x00000000f5580000)
  object space 175104K, 26% used [0x00000000e0000000,0x00000000e2d81038,0x00000000eab00000)
 Metaspace       used 94337K, capacity 98362K, committed 98584K, reserved 1134592K
  class space    used 12370K, capacity 13240K, committed 13352K, reserved 1048576K
Event: 37.565 GC heap after
Heap after GC invocations=17 (full 4):
 PSYoungGen      total 147968K, used 0K [0x00000000f5580000, 0x0000000100000000, 0x0000000100000000)
  eden space 125440K, 0% used [0x00000000f5580000,0x00000000f5580000,0x00000000fd000000)
  from space 22528K, 0% used [0x00000000fd000000,0x00000000fd000000,0x00000000fe600000)
  to   space 26624K, 0% used [0x00000000fe600000,0x00000000fe600000,0x0000000100000000)
 ParOldGen       total 248832K, used 61379K [0x00000000e0000000, 0x00000000ef300000, 0x00000000f5580000)
  object space 248832K, 24% used [0x00000000e0000000,0x00000000e3bf0e10,0x00000000ef300000)
 Metaspace       used 94248K, capacity 98114K, committed 98584K, reserved 1134592K
  class space    used 12341K, capacity 13188K, committed 13352K, reserved 1048576K
}

