# JRE version: OpenJDK Runtime Environment (8.0_242-b01) (build 1.8.0_242-release-1644-b01)
# Java VM: OpenJDK 64-Bit Server VM (25.242-b01 mixed mode windows-amd64 compressed oops)
Heap:
 PSYoungGen      total 148480K, used 26210K [0x00000000f5580000, 0x0000000100000000, 0x0000000100000000)
  eden space 131584K, 7% used [0x00000000f5580000,0x00000000f5edbb68,0x00000000fd600000)
  from space 16896K, 98% used [0x00000000fd600000,0x00000000fe63cdb8,0x00000000fe680000)
  to   space 22528K, 0% used [0x00000000fea00000,0x00000000fea00000,0x0000000100000000)
 ParOldGen       total 208384K, used 40838K [0x00000000e0000000, 0x00000000ecb80000, 0x00000000f5580000)
  object space 208384K, 19% used [0x00000000e0000000,0x00000000e27e1930,0x00000000ecb80000)
 Metaspace       used 78953K, capacity 82088K, committed 82200K, reserved 1120256K
  class space    used 10484K, capacity 11186K, committed 11288K, reserved 1048576K
GC Heap History (10 events):
Event: 10.011 GC heap before
{Heap before GC invocations=12 (full 2):
 PSYoungGen      total 162304K, used 63824K [0x00000000f5580000, 0x0000000100000000, 0x0000000100000000)
  eden space 150528K, 34% used [0x00000000f5580000,0x00000000f8858db8,0x00000000fe880000)
  from space 11776K, 99% used [0x00000000fe880000,0x00000000ff3fb310,0x00000000ff400000)
  to   space 12288K, 0% used [0x00000000ff400000,0x00000000ff400000,0x0000000100000000)
 ParOldGen       total 175104K, used 24592K [0x00000000e0000000, 0x00000000eab00000, 0x00000000f5580000)
  object space 175104K, 14% used [0x00000000e0000000,0x00000000e1804298,0x00000000eab00000)
 Metaspace       used 57015K, capacity 59046K, committed 59160K, reserved 1099776K
  class space    used 7625K, capacity 8114K, committed 8216K, reserved 1048576K
Event: 10.045 GC heap after
Heap after GC invocations=12 (full 2):
 PSYoungGen      total 147968K, used 12268K [0x00000000f5580000, 0x0000000100000000, 0x0000000100000000)
  eden space 135680K, 0% used [0x00000000f5580000,0x00000000f5580000,0x00000000fda00000)
  from space 12288K, 99% used [0x00000000ff400000,0x00000000ffffb300,0x0000000100000000)
  to   space 19456K, 0% used [0x00000000fda00000,0x00000000fda00000,0x00000000fed00000)
 ParOldGen       total 175104K, used 30319K [0x00000000e0000000, 0x00000000eab00000, 0x00000000f5580000)
  object space 175104K, 17% used [0x00000000e0000000,0x00000000e1d9bda0,0x00000000eab00000)
 Metaspace       used 57015K, capacity 59046K, committed 59160K, reserved 1099776K
  class space    used 7625K, capacity 8114K, committed 8216K, reserved 1048576K
}
Event: 10.045 GC heap before
{Heap before GC invocations=13 (full 3):
 PSYoungGen      total 147968K, used 12268K [0x00000000f5580000, 0x0000000100000000, 0x0000000100000000)
  eden space 135680K, 0% used [0x00000000f5580000,0x00000000f5580000,0x00000000fda00000)
  from space 12288K, 99% used [0x00000000ff400000,0x00000000ffffb300,0x0000000100000000)
  to   space 19456K, 0% used [0x00000000fda00000,0x00000000fda00000,0x00000000fed00000)
 ParOldGen       total 175104K, used 30319K [0x00000000e0000000, 0x00000000eab00000, 0x00000000f5580000)
  object space 175104K, 17% used [0x00000000e0000000,0x00000000e1d9bda0,0x00000000eab00000)
 Metaspace       used 57015K, capacity 59046K, committed 59160K, reserved 1099776K
  class space    used 7625K, capacity 8114K, committed 8216K, reserved 1048576K
Event: 10.333 GC heap after
Heap after GC invocations=13 (full 3):
 PSYoungGen      total 147968K, used 0K [0x00000000f5580000, 0x0000000100000000, 0x0000000100000000)
  eden space 135680K, 0% used [0x00000000f5580000,0x00000000f5580000,0x00000000fda00000)
  from space 12288K, 0% used [0x00000000ff400000,0x00000000ff400000,0x0000000100000000)
  to   space 19456K, 0% used [0x00000000fda00000,0x00000000fda00000,0x00000000fed00000)
 ParOldGen       total 208384K, used 31643K [0x00000000e0000000, 0x00000000ecb80000, 0x00000000f5580000)
  object space 208384K, 15% used [0x00000000e0000000,0x00000000e1ee6d60,0x00000000ecb80000)
 Metaspace       used 56968K, capacity 58916K, committed 59160K, reserved 1099776K
  class space    used 7614K, capacity 8099K, committed 8216K, reserved 1048576K
}
Event: 11.641 GC heap before
{Heap before GC invocations=14 (full 3):
 PSYoungGen      total 147968K, used 135680K [0x00000000f5580000, 0x0000000100000000, 0x0000000100000000)
  eden space 135680K, 100% used [0x00000000f5580000,0x00000000fda00000,0x00000000fda00000)
  from space 12288K, 0% used [0x00000000ff400000,0x00000000ff400000,0x0000000100000000)
  to   space 19456K, 0% used [0x00000000fda00000,0x00000000fda00000,0x00000000fed00000)
 ParOldGen       total 208384K, used 31643K [0x00000000e0000000, 0x00000000ecb80000, 0x00000000f5580000)
  object space 208384K, 15% used [0x00000000e0000000,0x00000000e1ee6d60,0x00000000ecb80000)
 Metaspace       used 63039K, capacity 65224K, committed 65432K, reserved 1105920K
  class space    used 8548K, capacity 9012K, committed 9112K, reserved 1048576K
Event: 11.656 GC heap after
Heap after GC invocations=14 (full 3):
 PSYoungGen      total 155136K, used 10209K [0x00000000f5580000, 0x0000000100000000, 0x0000000100000000)
  eden space 135680K, 0% used [0x00000000f5580000,0x00000000f5580000,0x00000000fda00000)
  from space 19456K, 52% used [0x00000000fda00000,0x00000000fe3f8560,0x00000000fed00000)
  to   space 18432K, 0% used [0x00000000fee00000,0x00000000fee00000,0x0000000100000000)
 ParOldGen       total 208384K, used 31651K [0x00000000e0000000, 0x00000000ecb80000, 0x00000000f5580000)
  object space 208384K, 15% used [0x00000000e0000000,0x00000000e1ee8d60,0x00000000ecb80000)
 Metaspace       used 63039K, capacity 65224K, committed 65432K, reserved 1105920K
  class space    used 8548K, capacity 9012K, committed 9112K, reserved 1048576K
}
Event: 13.414 GC heap before
{Heap before GC invocations=15 (full 3):
 PSYoungGen      total 155136K, used 145889K [0x00000000f5580000, 0x0000000100000000, 0x0000000100000000)
  eden space 135680K, 100% used [0x00000000f5580000,0x00000000fda00000,0x00000000fda00000)
  from space 19456K, 52% used [0x00000000fda00000,0x00000000fe3f8560,0x00000000fed00000)
  to   space 18432K, 0% used [0x00000000fee00000,0x00000000fee00000,0x0000000100000000)
 ParOldGen       total 208384K, used 31651K [0x00000000e0000000, 0x00000000ecb80000, 0x00000000f5580000)
  object space 208384K, 15% used [0x00000000e0000000,0x00000000e1ee8d60,0x00000000ecb80000)
 Metaspace       used 72275K, capacity 74716K, committed 74904K, reserved 1114112K
  class space    used 9843K, capacity 10388K, committed 10392K, reserved 1048576K
Event: 13.436 GC heap after
Heap after GC invocations=15 (full 3):
 PSYoungGen      total 150016K, used 18403K [0x00000000f5580000, 0x0000000100000000, 0x0000000100000000)
  eden space 131584K, 0% used [0x00000000f5580000,0x00000000f5580000,0x00000000fd600000)
  from space 18432K, 99% used [0x00000000fee00000,0x00000000ffff8fe0,0x0000000100000000)
  to   space 21504K, 0% used [0x00000000fd600000,0x00000000fd600000,0x00000000feb00000)
 ParOldGen       total 208384K, used 34307K [0x00000000e0000000, 0x00000000ecb80000, 0x00000000f5580000)
  object space 208384K, 16% used [0x00000000e0000000,0x00000000e2180eb0,0x00000000ecb80000)
 Metaspace       used 72275K, capacity 74716K, committed 74904K, reserved 1114112K
  class space    used 9843K, capacity 10388K, committed 10392K, reserved 1048576K
}
Event: 6550.179 GC heap before
{Heap before GC invocations=16 (full 3):
 PSYoungGen      total 150016K, used 149974K [0x00000000f5580000, 0x0000000100000000, 0x0000000100000000)
  eden space 131584K, 99% used [0x00000000f5580000,0x00000000fd5fcab8,0x00000000fd600000)
  from space 18432K, 99% used [0x00000000fee00000,0x00000000ffff8fe0,0x0000000100000000)
  to   space 21504K, 0% used [0x00000000fd600000,0x00000000fd600000,0x00000000feb00000)
 ParOldGen       total 208384K, used 34307K [0x00000000e0000000, 0x00000000ecb80000, 0x00000000f5580000)
  object space 208384K, 16% used [0x00000000e0000000,0x00000000e2180eb0,0x00000000ecb80000)
 Metaspace       used 78718K, capacity 81862K, committed 82200K, reserved 1120256K
  class space    used 10476K, capacity 11179K, committed 11288K, reserved 1048576K
Event: 6550.564 GC heap after
Heap after GC invocations=16 (full 3):
 PSYoungGen      total 148480K, used 16627K [0x00000000f5580000, 0x0000000100000000, 0x0000000100000000)
  eden space 131584K, 0% used [0x00000000f5580000,0x00000000f5580000,0x00000000fd600000)
  from space 16896K, 98% used [0x00000000fd600000,0x00000000fe63cdb8,0x00000000fe680000)
  to   space 22528K, 0% used [0x00000000fea00000,0x00000000fea00000,0x0000000100000000)
 ParOldGen       total 208384K, used 40838K [0x00000000e0000000, 0x00000000ecb80000, 0x00000000f5580000)
  object space 208384K, 19% used [0x00000000e0000000,0x00000000e27e1930,0x00000000ecb80000)
 Metaspace       used 78718K, capacity 81862K, committed 82200K, reserved 1120256K
  class space    used 10476K, capacity 11179K, committed 11288K, reserved 1048576K
}

