# JRE version: OpenJDK Runtime Environment (8.0_242-b01) (build 1.8.0_242-release-1644-b01)
# Java VM: OpenJDK 64-Bit Server VM (25.242-b01 mixed mode windows-amd64 compressed oops)
Heap:
 PSYoungGen      total 141824K, used 68425K [0x00000000f5580000, 0x00000000fea80000, 0x0000000100000000)
  eden space 131072K, 52% used [0x00000000f5580000,0x00000000f98524a8,0x00000000fd580000)
  from space 10752K, 0% used [0x00000000fe000000,0x00000000fe000000,0x00000000fea80000)
  to   space 10752K, 0% used [0x00000000fd580000,0x00000000fd580000,0x00000000fe000000)
 ParOldGen       total 175104K, used 7028K [0x00000000e0000000, 0x00000000eab00000, 0x00000000f5580000)
  object space 175104K, 4% used [0x00000000e0000000,0x00000000e06dd2e0,0x00000000eab00000)
 Metaspace       used 28234K, capacity 28860K, committed 28928K, reserved 1075200K
  class space    used 3877K, capacity 4087K, committed 4096K, reserved 1048576K
GC Heap History (10 events):
Event: 1.072 GC heap before
{Heap before GC invocations=1 (full 0):
 PSYoungGen      total 76288K, used 65536K [0x00000000f5580000, 0x00000000faa80000, 0x0000000100000000)
  eden space 65536K, 100% used [0x00000000f5580000,0x00000000f9580000,0x00000000f9580000)
  from space 10752K, 0% used [0x00000000fa000000,0x00000000fa000000,0x00000000faa80000)
  to   space 10752K, 0% used [0x00000000f9580000,0x00000000f9580000,0x00000000fa000000)
 ParOldGen       total 175104K, used 0K [0x00000000e0000000, 0x00000000eab00000, 0x00000000f5580000)
  object space 175104K, 0% used [0x00000000e0000000,0x00000000e0000000,0x00000000eab00000)
 Metaspace       used 7702K, capacity 7912K, committed 8064K, reserved 1056768K
  class space    used 945K, capacity 1040K, committed 1152K, reserved 1048576K
Event: 1.079 GC heap after
Heap after GC invocations=1 (full 0):
 PSYoungGen      total 76288K, used 5706K [0x00000000f5580000, 0x00000000faa80000, 0x0000000100000000)
  eden space 65536K, 0% used [0x00000000f5580000,0x00000000f5580000,0x00000000f9580000)
  from space 10752K, 53% used [0x00000000f9580000,0x00000000f9b12838,0x00000000fa000000)
  to   space 10752K, 0% used [0x00000000fa000000,0x00000000fa000000,0x00000000faa80000)
 ParOldGen       total 175104K, used 16K [0x00000000e0000000, 0x00000000eab00000, 0x00000000f5580000)
  object space 175104K, 0% used [0x00000000e0000000,0x00000000e0004000,0x00000000eab00000)
 Metaspace       used 7702K, capacity 7912K, committed 8064K, reserved 1056768K
  class space    used 945K, capacity 1040K, committed 1152K, reserved 1048576K
}
Event: 2.207 GC heap before
{Heap before GC invocations=2 (full 0):
 PSYoungGen      total 76288K, used 71242K [0x00000000f5580000, 0x00000000faa80000, 0x0000000100000000)
  eden space 65536K, 100% used [0x00000000f5580000,0x00000000f9580000,0x00000000f9580000)
  from space 10752K, 53% used [0x00000000f9580000,0x00000000f9b12838,0x00000000fa000000)
  to   space 10752K, 0% used [0x00000000fa000000,0x00000000fa000000,0x00000000faa80000)
 ParOldGen       total 175104K, used 16K [0x00000000e0000000, 0x00000000eab00000, 0x00000000f5580000)
  object space 175104K, 0% used [0x00000000e0000000,0x00000000e0004000,0x00000000eab00000)
 Metaspace       used 14739K, capacity 15120K, committed 15232K, reserved 1062912K
  class space    used 1947K, capacity 2080K, committed 2176K, reserved 1048576K
Event: 2.217 GC heap after
Heap after GC invocations=2 (full 0):
 PSYoungGen      total 76288K, used 9014K [0x00000000f5580000, 0x00000000faa80000, 0x0000000100000000)
  eden space 65536K, 0% used [0x00000000f5580000,0x00000000f5580000,0x00000000f9580000)
  from space 10752K, 83% used [0x00000000fa000000,0x00000000fa8cdb60,0x00000000faa80000)
  to   space 10752K, 0% used [0x00000000f9580000,0x00000000f9580000,0x00000000fa000000)
 ParOldGen       total 175104K, used 24K [0x00000000e0000000, 0x00000000eab00000, 0x00000000f5580000)
  object space 175104K, 0% used [0x00000000e0000000,0x00000000e0006000,0x00000000eab00000)
 Metaspace       used 14739K, capacity 15120K, committed 15232K, reserved 1062912K
  class space    used 1947K, capacity 2080K, committed 2176K, reserved 1048576K
}
Event: 2.940 GC heap before
{Heap before GC invocations=3 (full 0):
 PSYoungGen      total 76288K, used 74550K [0x00000000f5580000, 0x00000000faa80000, 0x0000000100000000)
  eden space 65536K, 100% used [0x00000000f5580000,0x00000000f9580000,0x00000000f9580000)
  from space 10752K, 83% used [0x00000000fa000000,0x00000000fa8cdb60,0x00000000faa80000)
  to   space 10752K, 0% used [0x00000000f9580000,0x00000000f9580000,0x00000000fa000000)
 ParOldGen       total 175104K, used 24K [0x00000000e0000000, 0x00000000eab00000, 0x00000000f5580000)
  object space 175104K, 0% used [0x00000000e0000000,0x00000000e0006000,0x00000000eab00000)
 Metaspace       used 20072K, capacity 20630K, committed 20992K, reserved 1067008K
  class space    used 2802K, capacity 2991K, committed 3072K, reserved 1048576K
Event: 2.954 GC heap after
Heap after GC invocations=3 (full 0):
 PSYoungGen      total 76288K, used 10743K [0x00000000f5580000, 0x00000000fea80000, 0x0000000100000000)
  eden space 65536K, 0% used [0x00000000f5580000,0x00000000f5580000,0x00000000f9580000)
  from space 10752K, 99% used [0x00000000f9580000,0x00000000f9ffddc8,0x00000000fa000000)
  to   space 10752K, 0% used [0x00000000fe000000,0x00000000fe000000,0x00000000fea80000)
 ParOldGen       total 175104K, used 845K [0x00000000e0000000, 0x00000000eab00000, 0x00000000f5580000)
  object space 175104K, 0% used [0x00000000e0000000,0x00000000e00d3688,0x00000000eab00000)
 Metaspace       used 20072K, capacity 20630K, committed 20992K, reserved 1067008K
  class space    used 2802K, capacity 2991K, committed 3072K, reserved 1048576K
}
Event: 3.024 GC heap before
{Heap before GC invocations=4 (full 0):
 PSYoungGen      total 76288K, used 18565K [0x00000000f5580000, 0x00000000fea80000, 0x0000000100000000)
  eden space 65536K, 11% used [0x00000000f5580000,0x00000000f5d23768,0x00000000f9580000)
  from space 10752K, 99% used [0x00000000f9580000,0x00000000f9ffddc8,0x00000000fa000000)
  to   space 10752K, 0% used [0x00000000fe000000,0x00000000fe000000,0x00000000fea80000)
 ParOldGen       total 175104K, used 845K [0x00000000e0000000, 0x00000000eab00000, 0x00000000f5580000)
  object space 175104K, 0% used [0x00000000e0000000,0x00000000e00d3688,0x00000000eab00000)
 Metaspace       used 20580K, capacity 21142K, committed 21248K, reserved 1067008K
  class space    used 2885K, capacity 3055K, committed 3072K, reserved 1048576K
Event: 3.033 GC heap after
Heap after GC invocations=4 (full 0):
 PSYoungGen      total 141824K, used 7180K [0x00000000f5580000, 0x00000000fea80000, 0x0000000100000000)
  eden space 131072K, 0% used [0x00000000f5580000,0x00000000f5580000,0x00000000fd580000)
  from space 10752K, 66% used [0x00000000fe000000,0x00000000fe703000,0x00000000fea80000)
  to   space 10752K, 0% used [0x00000000fd580000,0x00000000fd580000,0x00000000fe000000)
 ParOldGen       total 175104K, used 853K [0x00000000e0000000, 0x00000000eab00000, 0x00000000f5580000)
  object space 175104K, 0% used [0x00000000e0000000,0x00000000e00d5688,0x00000000eab00000)
 Metaspace       used 20580K, capacity 21142K, committed 21248K, reserved 1067008K
  class space    used 2885K, capacity 3055K, committed 3072K, reserved 1048576K
}
Event: 3.033 GC heap before
{Heap before GC invocations=5 (full 1):
 PSYoungGen      total 141824K, used 7180K [0x00000000f5580000, 0x00000000fea80000, 0x0000000100000000)
  eden space 131072K, 0% used [0x00000000f5580000,0x00000000f5580000,0x00000000fd580000)
  from space 10752K, 66% used [0x00000000fe000000,0x00000000fe703000,0x00000000fea80000)
  to   space 10752K, 0% used [0x00000000fd580000,0x00000000fd580000,0x00000000fe000000)
 ParOldGen       total 175104K, used 853K [0x00000000e0000000, 0x00000000eab00000, 0x00000000f5580000)
  object space 175104K, 0% used [0x00000000e0000000,0x00000000e00d5688,0x00000000eab00000)
 Metaspace       used 20580K, capacity 21142K, committed 21248K, reserved 1067008K
  class space    used 2885K, capacity 3055K, committed 3072K, reserved 1048576K
Event: 3.076 GC heap after
Heap after GC invocations=5 (full 1):
 PSYoungGen      total 141824K, used 0K [0x00000000f5580000, 0x00000000fea80000, 0x0000000100000000)
  eden space 131072K, 0% used [0x00000000f5580000,0x00000000f5580000,0x00000000fd580000)
  from space 10752K, 0% used [0x00000000fe000000,0x00000000fe000000,0x00000000fea80000)
  to   space 10752K, 0% used [0x00000000fd580000,0x00000000fd580000,0x00000000fe000000)
 ParOldGen       total 175104K, used 7028K [0x00000000e0000000, 0x00000000eab00000, 0x00000000f5580000)
  object space 175104K, 4% used [0x00000000e0000000,0x00000000e06dd2e0,0x00000000eab00000)
 Metaspace       used 20580K, capacity 21142K, committed 21248K, reserved 1067008K
  class space    used 2885K, capacity 3055K, committed 3072K, reserved 1048576K
}

