# JRE version: OpenJDK Runtime Environment (8.0_242-b01) (build 1.8.0_242-release-1644-b01)
# Java VM: OpenJDK 64-Bit Server VM (25.242-b01 mixed mode windows-amd64 compressed oops)
Heap:
 PSYoungGen      total 76288K, used 49590K [0x00000000f5580000, 0x00000000faa80000, 0x0000000100000000)
  eden space 65536K, 63% used [0x00000000f5580000,0x00000000f7e388e0,0x00000000f9580000)
  from space 10752K, 73% used [0x00000000f9580000,0x00000000f9d35168,0x00000000fa000000)
  to   space 10752K, 0% used [0x00000000fa000000,0x00000000fa000000,0x00000000faa80000)
 ParOldGen       total 175104K, used 7529K [0x00000000e0000000, 0x00000000eab00000, 0x00000000f5580000)
  object space 175104K, 4% used [0x00000000e0000000,0x00000000e075a6a8,0x00000000eab00000)
 Metaspace       used 31215K, capacity 31998K, committed 32432K, reserved 1077248K
  class space    used 4209K, capacity 4438K, committed 4528K, reserved 1048576K
GC Heap History (10 events):
Event: 2.132 GC heap before
{Heap before GC invocations=2 (full 0):
 PSYoungGen      total 76288K, used 71265K [0x00000000f5580000, 0x00000000faa80000, 0x0000000100000000)
  eden space 65536K, 100% used [0x00000000f5580000,0x00000000f9580000,0x00000000f9580000)
  from space 10752K, 53% used [0x00000000f9580000,0x00000000f9b18410,0x00000000fa000000)
  to   space 10752K, 0% used [0x00000000fa000000,0x00000000fa000000,0x00000000faa80000)
 ParOldGen       total 175104K, used 16K [0x00000000e0000000, 0x00000000eab00000, 0x00000000f5580000)
  object space 175104K, 0% used [0x00000000e0000000,0x00000000e0004000,0x00000000eab00000)
 Metaspace       used 14809K, capacity 15180K, committed 15488K, reserved 1062912K
  class space    used 1955K, capacity 2090K, committed 2176K, reserved 1048576K
Event: 2.142 GC heap after
Heap after GC invocations=2 (full 0):
 PSYoungGen      total 76288K, used 9078K [0x00000000f5580000, 0x00000000faa80000, 0x0000000100000000)
  eden space 65536K, 0% used [0x00000000f5580000,0x00000000f5580000,0x00000000f9580000)
  from space 10752K, 84% used [0x00000000fa000000,0x00000000fa8ddb60,0x00000000faa80000)
  to   space 10752K, 0% used [0x00000000f9580000,0x00000000f9580000,0x00000000fa000000)
 ParOldGen       total 175104K, used 24K [0x00000000e0000000, 0x00000000eab00000, 0x00000000f5580000)
  object space 175104K, 0% used [0x00000000e0000000,0x00000000e0006000,0x00000000eab00000)
 Metaspace       used 14809K, capacity 15180K, committed 15488K, reserved 1062912K
  class space    used 1955K, capacity 2090K, committed 2176K, reserved 1048576K
}
Event: 2.994 GC heap before
{Heap before GC invocations=3 (full 0):
 PSYoungGen      total 76288K, used 74614K [0x00000000f5580000, 0x00000000faa80000, 0x0000000100000000)
  eden space 65536K, 100% used [0x00000000f5580000,0x00000000f9580000,0x00000000f9580000)
  from space 10752K, 84% used [0x00000000fa000000,0x00000000fa8ddb60,0x00000000faa80000)
  to   space 10752K, 0% used [0x00000000f9580000,0x00000000f9580000,0x00000000fa000000)
 ParOldGen       total 175104K, used 24K [0x00000000e0000000, 0x00000000eab00000, 0x00000000f5580000)
  object space 175104K, 0% used [0x00000000e0000000,0x00000000e0006000,0x00000000eab00000)
 Metaspace       used 20122K, capacity 20750K, committed 20992K, reserved 1067008K
  class space    used 2816K, capacity 3015K, committed 3072K, reserved 1048576K
Event: 3.015 GC heap after
Heap after GC invocations=3 (full 0):
 PSYoungGen      total 76288K, used 10742K [0x00000000f5580000, 0x00000000faa80000, 0x0000000100000000)
  eden space 65536K, 0% used [0x00000000f5580000,0x00000000f5580000,0x00000000f9580000)
  from space 10752K, 99% used [0x00000000f9580000,0x00000000f9ffdaa0,0x00000000fa000000)
  to   space 10752K, 0% used [0x00000000fa000000,0x00000000fa000000,0x00000000faa80000)
 ParOldGen       total 175104K, used 1179K [0x00000000e0000000, 0x00000000eab00000, 0x00000000f5580000)
  object space 175104K, 0% used [0x00000000e0000000,0x00000000e0126ed0,0x00000000eab00000)
 Metaspace       used 20122K, capacity 20750K, committed 20992K, reserved 1067008K
  class space    used 2816K, capacity 3015K, committed 3072K, reserved 1048576K
}
Event: 3.121 GC heap before
{Heap before GC invocations=4 (full 0):
 PSYoungGen      total 76288K, used 19176K [0x00000000f5580000, 0x00000000faa80000, 0x0000000100000000)
  eden space 65536K, 12% used [0x00000000f5580000,0x00000000f5dbc590,0x00000000f9580000)
  from space 10752K, 99% used [0x00000000f9580000,0x00000000f9ffdaa0,0x00000000fa000000)
  to   space 10752K, 0% used [0x00000000fa000000,0x00000000fa000000,0x00000000faa80000)
 ParOldGen       total 175104K, used 1179K [0x00000000e0000000, 0x00000000eab00000, 0x00000000f5580000)
  object space 175104K, 0% used [0x00000000e0000000,0x00000000e0126ed0,0x00000000eab00000)
 Metaspace       used 20590K, capacity 21218K, committed 21296K, reserved 1067008K
  class space    used 2890K, capacity 3093K, committed 3120K, reserved 1048576K
Event: 3.130 GC heap after
Heap after GC invocations=4 (full 0):
 PSYoungGen      total 76288K, used 7615K [0x00000000f5580000, 0x00000000faa80000, 0x0000000100000000)
  eden space 65536K, 0% used [0x00000000f5580000,0x00000000f5580000,0x00000000f9580000)
  from space 10752K, 70% used [0x00000000fa000000,0x00000000fa76fe18,0x00000000faa80000)
  to   space 10752K, 0% used [0x00000000f9580000,0x00000000f9580000,0x00000000fa000000)
 ParOldGen       total 175104K, used 1187K [0x00000000e0000000, 0x00000000eab00000, 0x00000000f5580000)
  object space 175104K, 0% used [0x00000000e0000000,0x00000000e0128ed0,0x00000000eab00000)
 Metaspace       used 20590K, capacity 21218K, committed 21296K, reserved 1067008K
  class space    used 2890K, capacity 3093K, committed 3120K, reserved 1048576K
}
Event: 3.130 GC heap before
{Heap before GC invocations=5 (full 1):
 PSYoungGen      total 76288K, used 7615K [0x00000000f5580000, 0x00000000faa80000, 0x0000000100000000)
  eden space 65536K, 0% used [0x00000000f5580000,0x00000000f5580000,0x00000000f9580000)
  from space 10752K, 70% used [0x00000000fa000000,0x00000000fa76fe18,0x00000000faa80000)
  to   space 10752K, 0% used [0x00000000f9580000,0x00000000f9580000,0x00000000fa000000)
 ParOldGen       total 175104K, used 1187K [0x00000000e0000000, 0x00000000eab00000, 0x00000000f5580000)
  object space 175104K, 0% used [0x00000000e0000000,0x00000000e0128ed0,0x00000000eab00000)
 Metaspace       used 20590K, capacity 21218K, committed 21296K, reserved 1067008K
  class space    used 2890K, capacity 3093K, committed 3120K, reserved 1048576K
Event: 3.174 GC heap after
Heap after GC invocations=5 (full 1):
 PSYoungGen      total 76288K, used 0K [0x00000000f5580000, 0x00000000faa80000, 0x0000000100000000)
  eden space 65536K, 0% used [0x00000000f5580000,0x00000000f5580000,0x00000000f9580000)
  from space 10752K, 0% used [0x00000000fa000000,0x00000000fa000000,0x00000000faa80000)
  to   space 10752K, 0% used [0x00000000f9580000,0x00000000f9580000,0x00000000fa000000)
 ParOldGen       total 175104K, used 7521K [0x00000000e0000000, 0x00000000eab00000, 0x00000000f5580000)
  object space 175104K, 4% used [0x00000000e0000000,0x00000000e07586a8,0x00000000eab00000)
 Metaspace       used 20590K, capacity 21218K, committed 21296K, reserved 1067008K
  class space    used 2890K, capacity 3093K, committed 3120K, reserved 1048576K
}
Event: 3.897 GC heap before
{Heap before GC invocations=6 (full 1):
 PSYoungGen      total 76288K, used 65536K [0x00000000f5580000, 0x00000000faa80000, 0x0000000100000000)
  eden space 65536K, 100% used [0x00000000f5580000,0x00000000f9580000,0x00000000f9580000)
  from space 10752K, 0% used [0x00000000fa000000,0x00000000fa000000,0x00000000faa80000)
  to   space 10752K, 0% used [0x00000000f9580000,0x00000000f9580000,0x00000000fa000000)
 ParOldGen       total 175104K, used 7521K [0x00000000e0000000, 0x00000000eab00000, 0x00000000f5580000)
  object space 175104K, 4% used [0x00000000e0000000,0x00000000e07586a8,0x00000000eab00000)
 Metaspace       used 28080K, capacity 28804K, committed 28976K, reserved 1075200K
  class space    used 3875K, capacity 4103K, committed 4144K, reserved 1048576K
Event: 3.902 GC heap after
Heap after GC invocations=6 (full 1):
 PSYoungGen      total 76288K, used 7892K [0x00000000f5580000, 0x00000000faa80000, 0x0000000100000000)
  eden space 65536K, 0% used [0x00000000f5580000,0x00000000f5580000,0x00000000f9580000)
  from space 10752K, 73% used [0x00000000f9580000,0x00000000f9d35168,0x00000000fa000000)
  to   space 10752K, 0% used [0x00000000fa000000,0x00000000fa000000,0x00000000faa80000)
 ParOldGen       total 175104K, used 7529K [0x00000000e0000000, 0x00000000eab00000, 0x00000000f5580000)
  object space 175104K, 4% used [0x00000000e0000000,0x00000000e075a6a8,0x00000000eab00000)
 Metaspace       used 28080K, capacity 28804K, committed 28976K, reserved 1075200K
  class space    used 3875K, capacity 4103K, committed 4144K, reserved 1048576K
}

