# JRE version: OpenJDK Runtime Environment (8.0_242-b01) (build 1.8.0_242-release-1644-b01)
# Java VM: OpenJDK 64-Bit Server VM (25.242-b01 mixed mode windows-amd64 compressed oops)
Heap:
 PSYoungGen      total 138240K, used 76813K [0x00000000f5580000, 0x0000000100000000, 0x0000000100000000)
  eden space 127488K, 60% used [0x00000000f5580000,0x00000000fa083488,0x00000000fd200000)
  from space 10752K, 0% used [0x00000000fe000000,0x00000000fe000000,0x00000000fea80000)
  to   space 14336K, 0% used [0x00000000fd200000,0x00000000fd200000,0x00000000fe000000)
 ParOldGen       total 175104K, used 15847K [0x00000000e0000000, 0x00000000eab00000, 0x00000000f5580000)
  object space 175104K, 9% used [0x00000000e0000000,0x00000000e0f79c88,0x00000000eab00000)
 Metaspace       used 41887K, capacity 43000K, committed 43224K, reserved 1087488K
  class space    used 5634K, capacity 5887K, committed 5888K, reserved 1048576K
GC Heap History (10 events):
Event: 3.095 GC heap before
{Heap before GC invocations=4 (full 0):
 PSYoungGen      total 76288K, used 18613K [0x00000000f5580000, 0x00000000fea80000, 0x0000000100000000)
  eden space 65536K, 11% used [0x00000000f5580000,0x00000000f5d2da08,0x00000000f9580000)
  from space 10752K, 99% used [0x00000000f9580000,0x00000000f9fffb50,0x00000000fa000000)
  to   space 10752K, 0% used [0x00000000fe000000,0x00000000fe000000,0x00000000fea80000)
 ParOldGen       total 175104K, used 772K [0x00000000e0000000, 0x00000000eab00000, 0x00000000f5580000)
  object space 175104K, 0% used [0x00000000e0000000,0x00000000e00c12f8,0x00000000eab00000)
 Metaspace       used 20578K, capacity 21138K, committed 21248K, reserved 1067008K
  class space    used 2887K, capacity 3055K, committed 3072K, reserved 1048576K
Event: 3.114 GC heap after
Heap after GC invocations=4 (full 0):
 PSYoungGen      total 141824K, used 7180K [0x00000000f5580000, 0x00000000fea80000, 0x0000000100000000)
  eden space 131072K, 0% used [0x00000000f5580000,0x00000000f5580000,0x00000000fd580000)
  from space 10752K, 66% used [0x00000000fe000000,0x00000000fe703000,0x00000000fea80000)
  to   space 10752K, 0% used [0x00000000fd580000,0x00000000fd580000,0x00000000fe000000)
 ParOldGen       total 175104K, used 780K [0x00000000e0000000, 0x00000000eab00000, 0x00000000f5580000)
  object space 175104K, 0% used [0x00000000e0000000,0x00000000e00c32f8,0x00000000eab00000)
 Metaspace       used 20578K, capacity 21138K, committed 21248K, reserved 1067008K
  class space    used 2887K, capacity 3055K, committed 3072K, reserved 1048576K
}
Event: 3.114 GC heap before
{Heap before GC invocations=5 (full 1):
 PSYoungGen      total 141824K, used 7180K [0x00000000f5580000, 0x00000000fea80000, 0x0000000100000000)
  eden space 131072K, 0% used [0x00000000f5580000,0x00000000f5580000,0x00000000fd580000)
  from space 10752K, 66% used [0x00000000fe000000,0x00000000fe703000,0x00000000fea80000)
  to   space 10752K, 0% used [0x00000000fd580000,0x00000000fd580000,0x00000000fe000000)
 ParOldGen       total 175104K, used 780K [0x00000000e0000000, 0x00000000eab00000, 0x00000000f5580000)
  object space 175104K, 0% used [0x00000000e0000000,0x00000000e00c32f8,0x00000000eab00000)
 Metaspace       used 20578K, capacity 21138K, committed 21248K, reserved 1067008K
  class space    used 2887K, capacity 3055K, committed 3072K, reserved 1048576K
Event: 3.177 GC heap after
Heap after GC invocations=5 (full 1):
 PSYoungGen      total 141824K, used 0K [0x00000000f5580000, 0x00000000fea80000, 0x0000000100000000)
  eden space 131072K, 0% used [0x00000000f5580000,0x00000000f5580000,0x00000000fd580000)
  from space 10752K, 0% used [0x00000000fe000000,0x00000000fe000000,0x00000000fea80000)
  to   space 10752K, 0% used [0x00000000fd580000,0x00000000fd580000,0x00000000fe000000)
 ParOldGen       total 175104K, used 7044K [0x00000000e0000000, 0x00000000eab00000, 0x00000000f5580000)
  object space 175104K, 4% used [0x00000000e0000000,0x00000000e06e1010,0x00000000eab00000)
 Metaspace       used 20578K, capacity 21138K, committed 21248K, reserved 1067008K
  class space    used 2887K, capacity 3055K, committed 3072K, reserved 1048576K
}
Event: 4.635 GC heap before
{Heap before GC invocations=6 (full 1):
 PSYoungGen      total 141824K, used 131072K [0x00000000f5580000, 0x00000000fea80000, 0x0000000100000000)
  eden space 131072K, 100% used [0x00000000f5580000,0x00000000fd580000,0x00000000fd580000)
  from space 10752K, 0% used [0x00000000fe000000,0x00000000fe000000,0x00000000fea80000)
  to   space 10752K, 0% used [0x00000000fd580000,0x00000000fd580000,0x00000000fe000000)
 ParOldGen       total 175104K, used 7044K [0x00000000e0000000, 0x00000000eab00000, 0x00000000f5580000)
  object space 175104K, 4% used [0x00000000e0000000,0x00000000e06e1010,0x00000000eab00000)
 Metaspace       used 32050K, capacity 32722K, committed 33024K, reserved 1077248K
  class space    used 4373K, capacity 4582K, committed 4608K, reserved 1048576K
Event: 4.651 GC heap after
Heap after GC invocations=6 (full 1):
 PSYoungGen      total 141824K, used 10730K [0x00000000f5580000, 0x00000000fea80000, 0x0000000100000000)
  eden space 131072K, 0% used [0x00000000f5580000,0x00000000f5580000,0x00000000fd580000)
  from space 10752K, 99% used [0x00000000fd580000,0x00000000fdffaab8,0x00000000fe000000)
  to   space 10752K, 0% used [0x00000000fe000000,0x00000000fe000000,0x00000000fea80000)
 ParOldGen       total 175104K, used 9682K [0x00000000e0000000, 0x00000000eab00000, 0x00000000f5580000)
  object space 175104K, 5% used [0x00000000e0000000,0x00000000e0974a48,0x00000000eab00000)
 Metaspace       used 32050K, capacity 32722K, committed 33024K, reserved 1077248K
  class space    used 4373K, capacity 4582K, committed 4608K, reserved 1048576K
}
Event: 5.141 GC heap before
{Heap before GC invocations=7 (full 1):
 PSYoungGen      total 141824K, used 65357K [0x00000000f5580000, 0x00000000fea80000, 0x0000000100000000)
  eden space 131072K, 41% used [0x00000000f5580000,0x00000000f8ad8950,0x00000000fd580000)
  from space 10752K, 99% used [0x00000000fd580000,0x00000000fdffaab8,0x00000000fe000000)
  to   space 10752K, 0% used [0x00000000fe000000,0x00000000fe000000,0x00000000fea80000)
 ParOldGen       total 175104K, used 9682K [0x00000000e0000000, 0x00000000eab00000, 0x00000000f5580000)
  object space 175104K, 5% used [0x00000000e0000000,0x00000000e0974a48,0x00000000eab00000)
 Metaspace       used 34506K, capacity 35392K, committed 35416K, reserved 1079296K
  class space    used 4724K, capacity 4969K, committed 4992K, reserved 1048576K
Event: 5.156 GC heap after
Heap after GC invocations=7 (full 1):
 PSYoungGen      total 138240K, used 9553K [0x00000000f5580000, 0x0000000100000000, 0x0000000100000000)
  eden space 127488K, 0% used [0x00000000f5580000,0x00000000f5580000,0x00000000fd200000)
  from space 10752K, 88% used [0x00000000fe000000,0x00000000fe954730,0x00000000fea80000)
  to   space 14336K, 0% used [0x00000000fd200000,0x00000000fd200000,0x00000000fe000000)
 ParOldGen       total 175104K, used 9690K [0x00000000e0000000, 0x00000000eab00000, 0x00000000f5580000)
  object space 175104K, 5% used [0x00000000e0000000,0x00000000e0976a48,0x00000000eab00000)
 Metaspace       used 34506K, capacity 35392K, committed 35416K, reserved 1079296K
  class space    used 4724K, capacity 4969K, committed 4992K, reserved 1048576K
}
Event: 5.156 GC heap before
{Heap before GC invocations=8 (full 2):
 PSYoungGen      total 138240K, used 9553K [0x00000000f5580000, 0x0000000100000000, 0x0000000100000000)
  eden space 127488K, 0% used [0x00000000f5580000,0x00000000f5580000,0x00000000fd200000)
  from space 10752K, 88% used [0x00000000fe000000,0x00000000fe954730,0x00000000fea80000)
  to   space 14336K, 0% used [0x00000000fd200000,0x00000000fd200000,0x00000000fe000000)
 ParOldGen       total 175104K, used 9690K [0x00000000e0000000, 0x00000000eab00000, 0x00000000f5580000)
  object space 175104K, 5% used [0x00000000e0000000,0x00000000e0976a48,0x00000000eab00000)
 Metaspace       used 34506K, capacity 35392K, committed 35416K, reserved 1079296K
  class space    used 4724K, capacity 4969K, committed 4992K, reserved 1048576K
Event: 5.228 GC heap after
Heap after GC invocations=8 (full 2):
 PSYoungGen      total 138240K, used 0K [0x00000000f5580000, 0x0000000100000000, 0x0000000100000000)
  eden space 127488K, 0% used [0x00000000f5580000,0x00000000f5580000,0x00000000fd200000)
  from space 10752K, 0% used [0x00000000fe000000,0x00000000fe000000,0x00000000fea80000)
  to   space 14336K, 0% used [0x00000000fd200000,0x00000000fd200000,0x00000000fe000000)
 ParOldGen       total 175104K, used 15847K [0x00000000e0000000, 0x00000000eab00000, 0x00000000f5580000)
  object space 175104K, 9% used [0x00000000e0000000,0x00000000e0f79c88,0x00000000eab00000)
 Metaspace       used 34506K, capacity 35392K, committed 35416K, reserved 1079296K
  class space    used 4724K, capacity 4969K, committed 4992K, reserved 1048576K
}

